[18:24:54] [main/INFO] (FabricLoader/GameProvider) Loading Minecraft 1.21.4 with Fabric Loader 0.16.12
[18:24:54] [main/INFO] (FabricLoader) Loading 77 mods:
	- cloth-config 17.0.144
	   \-- cloth-basic-math 0.6.1
	- fabric-api 0.119.2+1.21.4
	- fabric-api-base 0.4.54+b47eab6b04
	- fabric-api-lookup-api-v1 1.6.86+b1caf1e904
	- fabric-biome-api-v1 15.0.6+b1c29d8e04
	- fabric-block-api-v1 1.0.31+7feeb73304
	- fabric-block-view-api-v2 1.0.20+9c49cc8c04
	- fabric-blockrenderlayer-v1 2.0.8+7feeb73304
	- fabric-client-gametest-api-v1 4.1.1+6816ccd404
	- fabric-client-tags-api-v1 1.1.29+20ea1e2304
	- fabric-command-api-v1 1.2.62+f71b366f04
	- fabric-command-api-v2 2.2.41+e496eb1504
	- fabric-commands-v0 0.2.79+df3654b304
	- fabric-content-registries-v0 9.1.19+25d1a67604
	- fabric-convention-tags-v1 2.1.20+7f945d5b04
	- fabric-convention-tags-v2 2.14.1+1edcd29104
	- fabric-crash-report-info-v1 0.3.6+7feeb73304
	- fabric-data-attachment-api-v1 1.6.2+e99da0f704
	- fabric-data-generation-api-v1 22.3.1+0f4e5f5504
	- fabric-dimensions-v1 4.0.10+7feeb73304
	- fabric-entity-events-v1 2.0.15+62245bef04
	- fabric-events-interaction-v0 4.0.4+a4eebcf004
	- fabric-game-rule-api-v1 1.0.63+7d48d43904
	- fabric-gametest-api-v1 2.0.26+7feeb73304
	- fabric-item-api-v1 11.3.0+ee91fa1f04
	- fabric-item-group-api-v1 4.2.2+fcb9601404
	- fabric-key-binding-api-v1 1.0.57+7d48d43904
	- fabric-keybindings-v0 0.2.55+df3654b304
	- fabric-lifecycle-events-v1 2.5.4+bf2a60eb04
	- fabric-loot-api-v2 3.0.38+3f89f5a504
	- fabric-loot-api-v3 1.0.26+203e6b2304
	- fabric-message-api-v1 6.0.25+7feeb73304
	- fabric-model-loading-api-v1 4.3.0+ae23723504
	- fabric-networking-api-v1 4.4.0+db5e668204
	- fabric-object-builder-api-v1 18.0.14+38b0d59804
	- fabric-particles-v1 4.0.14+7feeb73304
	- fabric-recipe-api-v1 8.1.1+640e77ae04
	- fabric-registry-sync-v0 6.1.11+4a9c1ece04
	- fabric-renderer-api-v1 5.0.3+50f0feb204
	- fabric-renderer-indigo 2.0.3+50f0feb204
	- fabric-rendering-data-attachment-v1 0.3.58+73761d2e04
	- fabric-rendering-fluids-v1 3.1.19+7feeb73304
	- fabric-rendering-v1 10.2.1+0d31b09f04
	- fabric-resource-conditions-api-v1 5.0.13+203e6b2304
	- fabric-resource-loader-v0 3.1.1+360374ac04
	- fabric-screen-api-v1 2.0.38+7feeb73304
	- fabric-screen-handler-api-v1 1.3.118+7feeb73304
	- fabric-sound-api-v1 1.0.32+7feeb73304
	- fabric-tag-api-v1 1.0.7+7d48d43904
	- fabric-transfer-api-v1 5.4.9+efa825c904
	- fabric-transitive-access-wideners-v1 6.3.2+56e78b9b04
	- fabricloader 0.16.12
	- iris 1.8.8+mc1.21.4
	   |-- io_github_douira_glsl-transformer 2.0.1
	   |-- org_anarres_jcpp 1.4.14
	   \-- org_antlr_antlr4-runtime 4.13.1
	- java 21
	- lyk-adventime 1.0.0
	- minecraft 1.21.4
	- mixinextras 0.4.1
	- modmenu 13.0.3
	   \-- placeholder-api 2.5.1+1.21.3
	- playeranimator 2.0.2+1.21.4
	- reeses-sodium-options 1.8.3+mc1.21.4
	- renderscale 1.1
	- sodium 0.6.10+mc1.21.4
	- sodium-extra 0.6.1+mc1.21.4
	- sodiumdynamiclights 1.0.9
	   \-- forgeconfigapiport 21.4.1
	        |-- com_electronwill_night-config_core 3.8.1
	        \-- com_electronwill_night-config_toml 3.8.1
	- sodiumextras 1.0.6
	   \-- forgeconfigapiport 21.4.1
	        |-- com_electronwill_night-config_core 3.8.1
	        \-- com_electronwill_night-config_toml 3.8.1
	- sodiumoptionsapi 1.0.10
	   |-- forgeconfigapiport 21.4.1
	   |    |-- com_electronwill_night-config_core 3.8.1
	   |    \-- com_electronwill_night-config_toml 3.8.1
	   \-- mixinsquared 0.2.0-beta.6
	- sodiumoptionsmodcompat 1.0.0
	   |-- forgeconfigapiport 21.4.1
	   |    |-- com_electronwill_night-config_core 3.8.1
	   |    \-- com_electronwill_night-config_toml 3.8.1
	   \-- mixinsquared 0.2.0-beta.6
	- txnilib 1.0.21
	   \-- forgeconfigapiport 21.4.1
	        |-- com_electronwill_night-config_core 3.8.1
	        \-- com_electronwill_night-config_toml 3.8.1
[18:25:00] [main/INFO] (FabricLoader/Mixin) SpongePowered MIXIN Subsystem Version=0.8.7 Source=file:/home/lyok/.gradle/caches/modules-2/files-2.1/net.fabricmc/sponge-mixin/0.15.4+mixin.0.8.7/6a12aacc794f1078458433116e9ed42c1cc98096/sponge-mixin-0.15.4+mixin.0.8.7.jar Service=Knot/Fabric Env=CLIENT
[18:25:00] [main/INFO] (FabricLoader/Mixin) Loaded Fabric development mappings for mixin remapper!
[18:25:00] [main/INFO] (FabricLoader/Mixin) Compatibility level set to JAVA_21
[18:25:01] [main/WARN] (FabricLoader/Mixin) Reference map 'forgeconfigapiport.common.refmap.json' for forgeconfigapiport.common.mixins.json could not be read. If this is a development environment you can ignore this message
[18:25:01] [main/INFO] (Sodium Extra Config) Loaded configuration file for Sodium Extra: 34 options available, 0 override(s) found
[18:25:01] [main/INFO] (Sodium) Loaded configuration file for Sodium: 43 options available, 1 override(s) found
[18:25:01] [main/WARN] (FabricLoader/Mixin) Reference map 'iris.refmap.json' for mixins.iris.json could not be read. If this is a development environment you can ignore this message
[18:25:01] [main/WARN] (FabricLoader/Mixin) Reference map 'iris-fabric.refmap.json' for mixins.iris.fabric.json could not be read. If this is a development environment you can ignore this message
[18:25:01] [main/WARN] (FabricLoader/Mixin) Reference map 'iris.refmap.json' for iris-batched-entity-rendering.mixins.json could not be read. If this is a development environment you can ignore this message
[18:25:01] [main/WARN] (FabricLoader/Mixin) Reference map 'iris.refmap.json' for mixins.iris.fantastic.json could not be read. If this is a development environment you can ignore this message
[18:25:01] [main/WARN] (FabricLoader/Mixin) Reference map 'iris.refmap.json' for mixins.iris.vertexformat.json could not be read. If this is a development environment you can ignore this message
[18:25:01] [main/WARN] (FabricLoader/Mixin) Reference map 'iris.refmap.json' for mixins.iris.bettermipmaps.json could not be read. If this is a development environment you can ignore this message
[18:25:01] [main/WARN] (FabricLoader/Mixin) Reference map 'iris.refmap.json' for mixins.iris.compat.sodium.json could not be read. If this is a development environment you can ignore this message
[18:25:01] [main/WARN] (FabricLoader/Mixin) Reference map 'iris.refmap.json' for mixins.iris.fixes.maxfpscrash.json could not be read. If this is a development environment you can ignore this message
[18:25:01] [main/WARN] (FabricLoader/Mixin) Error loading class: me/jellysquid/mods/sodium/client/model/light/data/ArrayLightDataCache (java.lang.ClassNotFoundException: me/jellysquid/mods/sodium/client/model/light/data/ArrayLightDataCache)
[18:25:01] [main/WARN] (FabricLoader/Mixin) Error loading class: me/jellysquid/mods/sodium/client/model/light/flat/FlatLightPipeline (java.lang.ClassNotFoundException: me/jellysquid/mods/sodium/client/model/light/flat/FlatLightPipeline)
[18:25:01] [main/WARN] (FabricLoader/Mixin) Error loading class: me/jellysquid/mods/sodium/client/model/light/data/LightDataAccess (java.lang.ClassNotFoundException: me/jellysquid/mods/sodium/client/model/light/data/LightDataAccess)
[18:25:01] [main/WARN] (FabricLoader/Mixin) Error loading class: dynamic_fps/impl/DynamicFPSMod (java.lang.ClassNotFoundException: dynamic_fps/impl/DynamicFPSMod)
[18:25:01] [main/WARN] (FabricLoader/Mixin) @Mixin target dynamic_fps.impl.DynamicFPSMod was not found mixins.sodiumoptionsmodcompat.json:DynamicFPSConfigAccessor from mod sodiumoptionsmodcompat
[18:25:03] [main/WARN] (Sodium) Force-disabling mixin 'features.render.world.sky.FogRendererMixin' as rule 'mixin.features.render.world.sky' (added by mods [iris]) disables it and children
[18:25:03] [main/WARN] (Sodium) Force-disabling mixin 'features.render.world.sky.ClientLevelMixin' as rule 'mixin.features.render.world.sky' (added by mods [iris]) disables it and children
[18:25:03] [main/WARN] (Sodium) Force-disabling mixin 'features.render.world.sky.LevelRendererMixin' as rule 'mixin.features.render.world.sky' (added by mods [iris]) disables it and children
[18:25:03] [main/WARN] (FabricLoader/Mixin) Error loading class: me/jellysquid/mods/sodium/client/model/light/data/ArrayLightDataCache (java.lang.ClassNotFoundException: me/jellysquid/mods/sodium/client/model/light/data/ArrayLightDataCache)
[18:25:03] [main/WARN] (FabricLoader/Mixin) Error loading class: me/jellysquid/mods/sodium/client/model/light/data/ArrayLightDataCache (java.lang.ClassNotFoundException: me/jellysquid/mods/sodium/client/model/light/data/ArrayLightDataCache)
[18:25:03] [main/WARN] (FabricLoader/Mixin) Error loading class: me/jellysquid/mods/sodium/client/model/light/flat/FlatLightPipeline (java.lang.ClassNotFoundException: me/jellysquid/mods/sodium/client/model/light/flat/FlatLightPipeline)
[18:25:03] [main/WARN] (FabricLoader/Mixin) Error loading class: me/jellysquid/mods/sodium/client/model/light/flat/FlatLightPipeline (java.lang.ClassNotFoundException: me/jellysquid/mods/sodium/client/model/light/flat/FlatLightPipeline)
[18:25:03] [main/WARN] (FabricLoader/Mixin) Error loading class: me/jellysquid/mods/sodium/client/model/light/data/LightDataAccess (java.lang.ClassNotFoundException: me/jellysquid/mods/sodium/client/model/light/data/LightDataAccess)
[18:25:03] [main/WARN] (FabricLoader/Mixin) Error loading class: me/jellysquid/mods/sodium/client/model/light/data/LightDataAccess (java.lang.ClassNotFoundException: me/jellysquid/mods/sodium/client/model/light/data/LightDataAccess)
[18:25:04] [main/INFO] (Sodium-GraphicsAdapterProbe) Searching for graphics cards...
[18:25:06] [main/INFO] (Sodium-GraphicsAdapterProbe) Found graphics adapter: LinuxPciAdapterInfo[vendor=NVIDIA, name=GP107 [GeForce GTX 1050 Ti], pciVendorId=0x10de, pciDeviceId=0x1c82]
[18:25:06] [main/WARN] (Sodium-Workarounds) Sodium has applied one or more workarounds to prevent crashes or other issues on your system: [NVIDIA_THREADED_OPTIMIZATIONS_BROKEN]
[18:25:06] [main/WARN] (Sodium-Workarounds) This is not necessarily an issue, but it may result in certain features or optimizations being disabled. You can sometimes fix these issues by upgrading your graphics driver.
[18:25:10] [main/INFO] (FabricLoader/MixinExtras|Service) Initializing MixinExtras via com.llamalad7.mixinextras.service.MixinExtrasServiceImpl(version=0.4.1).
[18:25:15] [Datafixer Bootstrap/INFO] (Minecraft) 243 Datafixer optimizations took 2799 milliseconds
[18:25:28] [Render thread/INFO] (Minecraft) Environment: Environment[sessionHost=https://sessionserver.mojang.com, servicesHost=https://api.minecraftservices.com, name=PROD]
[18:25:28] [Render thread/INFO] (Minecraft) Setting user: Player121
[18:25:28] [Render thread/INFO] (LykAdventime) Loading...
[18:25:28] [Render thread/INFO] (LykAdventime) Registering FIRE_FOOD with model: lyk-adventime:fire_food
[18:25:28] [Render thread/INFO] (LykAdventime) Registering INFLAMED_STONE with model: lyk-adventime:inflamed_stone
[18:25:28] [Render thread/INFO] (LykAdventime) Items enregistrés avec RegistryKey !
[18:25:28] [Render thread/INFO] (LykAdventime) Items enregistrés avec RegistryKey !
[18:25:28] [Render thread/INFO] (Minecraft) [STDOUT]: TxniLib onInitialize!!
[18:25:28] [Render thread/INFO] (Mod Menu/Update Checker) Checking mod updates...
[18:25:29] [Render thread/INFO] (sodiumdynamiclights) [LambDynLights] Initializing SodiumDynamicLights...
[18:25:29] [Render thread/INFO] (Indigo) [Indigo] Different rendering plugin detected; not applying Indigo.
[18:25:29] [Render thread/INFO] (SodiumExtras) Updating config cache
[18:25:29] [Render thread/INFO] (SodiumExtras) Cache updated successfully
[18:25:29] [ModMenu/Update Checker/Fabric Loader/INFO] (Mod Menu/Update Checker) Update available for 'fabricloader@0.16.12'
[18:25:29] [Worker-Main-1/INFO] (Mod Menu/Update Checker) Update available for 'sodium@0.6.10+mc1.21.4', (-> mc1.21.4-0.6.13-fabric)
[18:25:29] [Worker-Main-1/INFO] (Mod Menu/Update Checker) Update available for 'sodiumextras@1.0.6', (-> fabric-1.21.4-1.0.8)
[18:25:29] [Render thread/INFO] (Minecraft) Backend library: LWJGL version 3.3.3-snapshot
[18:25:29] [Render thread/INFO] (Sodium-NvidiaWorkarounds) Modifying process environment to apply workarounds for the NVIDIA graphics driver...
[18:25:30] [Render thread/INFO] (Minecraft) OpenGL Vendor: NVIDIA Corporation
[18:25:30] [Render thread/INFO] (Minecraft) OpenGL Renderer: NVIDIA GeForce GTX 1050 Ti/PCIe/SSE2
[18:25:30] [Render thread/INFO] (Minecraft) OpenGL Version: 3.2.0 NVIDIA 570.133.07
[18:25:30] [Render thread/INFO] (Sodium-NvidiaWorkarounds) Modifying OpenGL context to apply workarounds for the NVIDIA graphics driver...
[18:25:30] [ForkJoinPool.commonPool-worker-1/WARN] (Iris) [Iris Update Check] This version doesn't have an update index, skipping.
[18:25:31] [Render thread/INFO] (Iris) Debug functionality is disabled.
[18:25:31] [Render thread/INFO] (Iris) ARB_direct_state_access detected, enabling DSA.
[18:25:31] [Render thread/INFO] (Iris) Shaders are disabled because enableShaders is set to false in iris.properties
[18:25:32] [Render thread/INFO] (Iris) Hardware information:
[18:25:32] [Render thread/INFO] (Iris) CPU: 12x AMD Ryzen 5 4500 6-Core Processor
[18:25:32] [Render thread/INFO] (Iris) GPU: NVIDIA GeForce GTX 1050 Ti/PCIe/SSE2 (Supports OpenGL 3.2.0 NVIDIA 570.133.07)
[18:25:32] [Render thread/INFO] (Iris) OS: Linux (6.13.7-lp156.9-default)
[18:25:32] [Render thread/ERROR] (Minecraft) Error while loading the narrator
com.mojang.text2speech.Narrator$InitializeException: Failed to load library flite
	at knot/com.mojang.text2speech.NarratorLinux$FliteLibrary.loadNative(NarratorLinux.java:69) ~[text2speech-1.17.9.jar:?]
	at knot/com.mojang.text2speech.NarratorLinux.<init>(NarratorLinux.java:18) ~[text2speech-1.17.9.jar:?]
	at knot/com.mojang.text2speech.Narrator.getNarrator(Narrator.java:41) [text2speech-1.17.9.jar:?]
	at knot/net.minecraft.client.util.NarratorManager.<init>(NarratorManager.java) [minecraft-clientOnly-d1fae903ae-1.21.4-net.fabricmc.yarn.1_21_4.1.21.4+build.8-v2.jar:?]
	at knot/net.minecraft.client.MinecraftClient.<init>(MinecraftClient.java:716) [minecraft-clientOnly-d1fae903ae-1.21.4-net.fabricmc.yarn.1_21_4.1.21.4+build.8-v2.jar:?]
	at knot/net.minecraft.client.main.Main.main(Main.java:224) [minecraft-clientOnly-d1fae903ae-1.21.4-net.fabricmc.yarn.1_21_4.1.21.4+build.8-v2.jar:?]
	at net.fabricmc.loader.impl.game.minecraft.MinecraftGameProvider.launch(MinecraftGameProvider.java:480) [fabric-loader-0.16.12.jar:?]
	at net.fabricmc.loader.impl.launch.knot.Knot.launch(Knot.java:74) [fabric-loader-0.16.12.jar:?]
	at net.fabricmc.loader.impl.launch.knot.KnotClient.main(KnotClient.java:23) [fabric-loader-0.16.12.jar:?]
	at net.fabricmc.devlaunchinjector.Main.main(Main.java:86) [dev-launch-injector-0.2.1+build.8.jar:?]
Caused by: java.lang.UnsatisfiedLinkError: Unable to load library 'flite':
libflite.so: cannot open shared object file: No such file or directory
libflite.so: cannot open shared object file: No such file or directory
Native library (linux-x86-64/libflite.so) not found in resource path (/home/lyok/Documents/programming project/java/mc mod/lyk-adventime-template-1.21.4/build/classes/java/client:/home/lyok/Documents/programming project/java/mc mod/lyk-adventime-template-1.21.4/build/resources/client:/home/lyok/.gradle/caches/fabric-loom/1.21.4/net.fabricmc.yarn.1_21_4.1.21.4+build.8-v2/mappings.jar:/home/lyok/.gradle/caches/modules-2/files-2.1/org.ow2.asm/asm/9.7.1/f0ed132a49244b042cd0e15702ab9f2ce3cc8436/asm-9.7.1.jar:/home/lyok/.gradle/caches/modules-2/files-2.1/org.ow2.asm/asm-analysis/9.7.1/f97a3b319f0ed6a8cd944dc79060d3912a28985f/asm-analysis-9.7.1.jar:/home/lyok/.gradle/caches/modules-2/files-2.1/org.ow2.asm/asm-commons/9.7.1/406c6a2225cfe1819f102a161e54cc16a5c24f75/asm-commons-9.7.1.jar:/home/lyok/.gradle/caches/modules-2/files-2.1/org.ow2.asm/asm-tree/9.7.1/3a53139787663b139de76b627fca0084ab60d32c/asm-tree-9.7.1.jar:/home/lyok/.gradle/caches/modules-2/files-2.1/org.ow2.asm/asm-util/9.7.1/9e23359b598ec6b74b23e53110dd5c577adf2243/asm-util-9.7.1.jar:/home/lyok/.gradle/caches/modules-2/files-2.1/net.fabricmc/sponge-mixin/0.15.4+mixin.0.8.7/6a12aacc794f1078458433116e9ed42c1cc98096/sponge-mixin-0.15.4+mixin.0.8.7.jar:/home/lyok/.gradle/caches/modules-2/files-2.1/io.github.llamalad7/mixinextras-fabric/0.4.1/8d1a9e96afb990367fa1f904d17580d164da72e3/mixinextras-fabric-0.4.1.jar:/home/lyok/.gradle/caches/modules-2/files-2.1/net.fabricmc/dev-launch-injector/0.2.1+build.8/da8bef7e6e2f952da707f282bdb46882a0fce5e3/dev-launch-injector-0.2.1+build.8.jar:/home/lyok/.gradle/caches/modules-2/files-2.1/net.minecrell/terminalconsoleappender/1.3.0/b562e9bb61235c9520e26282cdee71f8f802d1fc/terminalconsoleappender-1.3.0.jar:/home/lyok/.gradle/caches/modules-2/files-2.1/com.fasterxml.jackson.core/jackson-annotations/2.13.4/858c6cc78e1f08a885b1613e1d817c829df70a6e/jackson-annotations-2.13.4.jar:/home/lyok/.gradle/caches/modules-2/files-2.1/com.fasterxml.jackson.core/jackson-core/2.13.4/cf934c681294b97ef6d80082faeefbe1edadf56/jackson-core-2.13.4.jar:/home/lyok/.gradle/caches/modules-2/files-2.1/com.fasterxml.jackson.core/jackson-databind/2.13.4.2/325c06bdfeb628cfb80ebaaf1a26cc1eb558a585/jackson-databind-2.13.4.2.jar:/home/lyok/.gradle/caches/modules-2/files-2.1/com.github.oshi/oshi-core/6.6.5/e1099981fd15dc4236c4499d82aba1276fb43a9a/oshi-core-6.6.5.jar:/home/lyok/.gradle/caches/modules-2/files-2.1/com.github.stephenc.jcip/jcip-annotations/1.0-1/ef31541dd28ae2cefdd17c7ebf352d93e9058c63/jcip-annotations-1.0-1.jar:/home/lyok/.gradle/caches/modules-2/files-2.1/com.google.code.gson/gson/2.11.0/527175ca6d81050b53bdd4c457a6d6e017626b0e/gson-2.11.0.jar:/home/lyok/.gradle/caches/modules-2/files-2.1/com.google.guava/failureaccess/1.0.2/c4a06a64e650562f30b7bf9aaec1bfed43aca12b/failureaccess-1.0.2.jar:/home/lyok/.gradle/caches/modules-2/files-2.1/com.google.guava/guava/33.3.1-jre/852f8b363da0111e819460021ca693cacca3e8db/guava-33.3.1-jre.jar:/home/lyok/.gradle/caches/modules-2/files-2.1/com.ibm.icu/icu4j/76.1/215f3a8e936d4069344bd75f2b1368fd58112894/icu4j-76.1.jar:/home/lyok/.gradle/caches/modules-2/files-2.1/com.microsoft.azure/msal4j/1.17.2/a6211e3d71d0388929babaa0ff0951b30d001852/msal4j-1.17.2.jar:/home/lyok/.gradle/caches/modules-2/files-2.1/com.mojang/authlib/6.0.57/bded3161a7346de32213da750388ec6529fe4f6b/authlib-6.0.57.jar:/home/lyok/.gradle/caches/modules-2/files-2.1/com.mojang/blocklist/1.0.10/5c685c5ffa94c4cd39496c7184c1d122e515ecef/blocklist-1.0.10.jar:/home/lyok/.gradle/caches/modules-2/files-2.1/com.mojang/brigadier/1.3.10/d15b53a14cf20fdcaa98f731af5dda654452c010/brigadier-1.3.10.jar:/home/lyok/.gradle/caches/modules-2/files-2.1/com.mojang/datafixerupper/8.0.16/67d4de6d7f95d89bcf5862995fb854ebaec02a34/datafixerupper-8.0.16.jar:/home/lyok/.gradle/caches/modules-2/files-2.1/com.mojang/jtracy/1.0.29/6f07dcb6a2e595c7ee2ca43b67e5d1c018ca0770/jtracy-1.0.29.jar:/home/lyok/.gradle/caches/modules-2/files-2.1/com.mojang/jtracy/1.0.29/f43b6fa5cd0ecf8e6a33bc30a24b117cd0ebbfa1/jtracy-1.0.29-natives-linux.jar:/home/lyok/.gradle/caches/modules-2/files-2.1/com.mojang/logging/1.5.10/9ab1202793717af9df9c1704d0a02892067001eb/logging-1.5.10.jar:/home/lyok/.gradle/caches/modules-2/files-2.1/com.mojang/patchy/2.2.10/da05971b07cbb379d002cf7eaec6a2048211fefc/patchy-2.2.10.jar:/home/lyok/.gradle/caches/modules-2/files-2.1/com.mojang/text2speech/1.17.9/3cad216e3a7f0c19b4b394388bc9ffc446f13b14/text2speech-1.17.9.jar:/home/lyok/.gradle/caches/modules-2/files-2.1/com.nimbusds/content-type/2.3/e3aa0be212d7a42839a8f3f506f5b990bcce0222/content-type-2.3.jar:/home/lyok/.gradle/caches/modules-2/files-2.1/com.nimbusds/lang-tag/1.7/97c73ecd70bc7e8eefb26c5eea84f251a63f1031/lang-tag-1.7.jar:/home/lyok/.gradle/caches/modules-2/files-2.1/com.nimbusds/nimbus-jose-jwt/9.40/42b1dfa0360e4062951b070bac52dd8d96fd7b38/nimbus-jose-jwt-9.40.jar:/home/lyok/.gradle/caches/modules-2/files-2.1/com.nimbusds/oauth2-oidc-sdk/11.18/7c7ec4f4066625ff07a711ad856fa04da1ff9de/oauth2-oidc-sdk-11.18.jar:/home/lyok/.gradle/caches/modules-2/files-2.1/commons-codec/commons-codec/1.17.1/973638b7149d333563584137ebf13a691bb60579/commons-codec-1.17.1.jar:/home/lyok/.gradle/caches/modules-2/files-2.1/commons-io/commons-io/2.17.0/ddcc8433eb019fb48fe25207c0278143f3e1d7e2/commons-io-2.17.0.jar:/home/lyok/.gradle/caches/modules-2/files-2.1/commons-logging/commons-logging/1.3.4/b9fc14968d63a8b8a8a2c1885fe3e90564239708/commons-logging-1.3.4.jar:/home/lyok/.gradle/caches/modules-2/files-2.1/io.netty/netty-buffer/4.1.115.Final/d5daf1030e5c36d198caf7562da2441a97ec0df6/netty-buffer-4.1.115.Final.jar:/home/lyok/.gradle/caches/modules-2/files-2.1/io.netty/netty-codec/4.1.115.Final/d326bf3a4c785b272da3db6941779a1bd5448378/netty-codec-4.1.115.Final.jar:/home/lyok/.gradle/caches/modules-2/files-2.1/io.netty/netty-common/4.1.115.Final/9da10a9f72e3f87e181d91b525174007a6fc4f11/netty-common-4.1.115.Final.jar:/home/lyok/.gradle/caches/modules-2/files-2.1/io.netty/netty-handler/4.1.115.Final/d54dbf68b9d88a98240107758c6b63da5e46e23a/netty-handler-4.1.115.Final.jar:/home/lyok/.gradle/caches/modules-2/files-2.1/io.netty/netty-resolver/4.1.115.Final/e33b4d476c03975957f5d8d0319d592bf2bc5e96/netty-resolver-4.1.115.Final.jar:/home/lyok/.gradle/caches/modules-2/files-2.1/io.netty/netty-transport-classes-epoll/4.1.115.Final/11fea00408ecbd8b8d1f0698d708e37db4a01841/netty-transport-classes-epoll-4.1.115.Final.jar:/home/lyok/.gradle/caches/modules-2/files-2.1/io.netty/netty-transport-native-epoll/4.1.115.Final/a80b32f98ceb4e27958c0ceaf22ddad9ea6c0d4e/netty-transport-native-epoll-4.1.115.Final-linux-aarch_64.jar:/home/lyok/.gradle/caches/modules-2/files-2.1/io.netty/netty-transport-native-epoll/4.1.115.Final/a6cc58c4a259bad159cbb06120cea9b3474e86a0/netty-transport-native-epoll-4.1.115.Final-linux-x86_64.jar:/home/lyok/.gradle/caches/modules-2/files-2.1/io.netty/netty-transport-native-unix-common/4.1.115.Final/dc96c67d06cd6b5eb677f2728f27bf2e3d9a7284/netty-transport-native-unix-common-4.1.115.Final.jar:/home/lyok/.gradle/caches/modules-2/files-2.1/io.netty/netty-transport/4.1.115.Final/39cef77c1a25908ac1abf4960c2e789f0bf70ff9/netty-transport-4.1.115.Final.jar:/home/lyok/.gradle/caches/modules-2/files-2.1/it.unimi.dsi/fastutil/8.5.15/1e885b40c9563ab0d3899b871fd0b30e958705dc/fastutil-8.5.15.jar:/home/lyok/.gradle/caches/modules-2/files-2.1/net.java.dev.jna/jna-platform/5.15.0/86b502cad57d45da172b5e3231c537b042e296ef/jna-platform-5.15.0.jar:/home/lyok/.gradle/caches/modules-2/files-2.1/net.java.dev.jna/jna/5.15.0/1ee1d80ff44f08280188f7c0e740d57207841ac/jna-5.15.0.jar:/home/lyok/.gradle/caches/modules-2/files-2.1/net.minidev/accessors-smart/2.5.1/19b820261eb2e7de7d5bde11d1c06e4501dd7e5f/accessors-smart-2.5.1.jar:/home/lyok/.gradle/caches/modules-2/files-2.1/net.minidev/json-smart/2.5.1/4c11d2808d009132dfbbf947ebf37de6bf266c8e/json-smart-2.5.1.jar:/home/lyok/.gradle/caches/modules-2/files-2.1/net.sf.jopt-simple/jopt-simple/5.0.4/4fdac2fbe92dfad86aa6e9301736f6b4342a3f5c/jopt-simple-5.0.4.jar:/home/lyok/.gradle/caches/modules-2/files-2.1/org.apache.commons/commons-compress/1.27.1/a19151084758e2fbb6b41eddaa88e7b8ff4e6599/commons-compress-1.27.1.jar:/home/lyok/.gradle/caches/modules-2/files-2.1/org.apache.commons/commons-lang3/3.17.0/b17d2136f0460dcc0d2016ceefca8723bdf4ee70/commons-lang3-3.17.0.jar:/home/lyok/.gradle/caches/modules-2/files-2.1/org.apache.httpcomponents/httpclient/4.5.14/1194890e6f56ec29177673f2f12d0b8e627dec98/httpclient-4.5.14.jar:/home/lyok/.gradle/caches/modules-2/files-2.1/org.apache.httpcomponents/httpcore/4.4.16/51cf043c87253c9f58b539c9f7e44c8894223850/httpcore-4.4.16.jar:/home/lyok/.gradle/caches/modules-2/files-2.1/org.apache.logging.log4j/log4j-core/2.24.1/c85285146f28d8c8962384f786e2dff04172fb43/log4j-core-2.24.1.jar:/home/lyok/.gradle/caches/modules-2/files-2.1/org.apache.logging.log4j/log4j-api/2.24.1/7ebeb12c20606373005af4232cd0ecca72613dda/log4j-api-2.24.1.jar:/home/lyok/.gradle/caches/modules-2/files-2.1/org.apache.logging.log4j/log4j-slf4j2-impl/2.24.1/8e3ddc96464ef7f768823e7e001a52b23de8cd0a/log4j-slf4j2-impl-2.24.1.jar:/home/lyok/.gradle/caches/modules-2/files-2.1/org.jcraft/jorbis/0.0.17/8872d22b293e8f5d7d56ff92be966e6dc28ebdc6/jorbis-0.0.17.jar:/home/lyok/.gradle/caches/modules-2/files-2.1/org.joml/joml/1.10.8/fc0a71dad90a2cf41d82a76156a0e700af8e4f8d/joml-1.10.8.jar:/home/lyok/.gradle/caches/modules-2/files-2.1/org.lwjgl/lwjgl-freetype/3.3.3/a0db6c84a8becc8ca05f9dbfa985edc348a824c7/lwjgl-freetype-3.3.3.jar:/home/lyok/.gradle/caches/modules-2/files-2.1/org.lwjgl/lwjgl-freetype/3.3.3/149070a5480900347071b7074779531f25a6e3dc/lwjgl-freetype-3.3.3-natives-linux.jar:/home/lyok/.gradle/caches/modules-2/files-2.1/org.lwjgl/lwjgl-glfw/3.3.3/efa1eb78c5ccd840e9f329717109b5e892d72f8e/lwjgl-glfw-3.3.3.jar:/home/lyok/.gradle/caches/modules-2/files-2.1/org.lwjgl/lwjgl-glfw/3.3.3/a03684c5e4b1b1dbbe0d29dbbdc27b985b6840f2/lwjgl-glfw-3.3.3-natives-linux.jar:/home/lyok/.gradle/caches/modules-2/files-2.1/org.lwjgl/lwjgl-jemalloc/3.3.3/b543467b7ff3c6920539a88ee602d34098628be5/lwjgl-jemalloc-3.3.3.jar:/home/lyok/.gradle/caches/modules-2/files-2.1/org.lwjgl/lwjgl-jemalloc/3.3.3/4f86728bf449b1dd61251c4e0ac01df1389cb51e/lwjgl-jemalloc-3.3.3-natives-linux.jar:/home/lyok/.gradle/caches/modules-2/files-2.1/org.lwjgl/lwjgl-openal/3.3.3/daada81ceb5fc0c291fbfdd4433cb8d9423577f2/lwjgl-openal-3.3.3.jar:/home/lyok/.gradle/caches/modules-2/files-2.1/org.lwjgl/lwjgl-openal/3.3.3/3037360cc4595079bea240af250b6d1a527e0905/lwjgl-openal-3.3.3-natives-linux.jar:/home/lyok/.gradle/caches/modules-2/files-2.1/org.lwjgl/lwjgl-opengl/3.3.3/2f6b0147078396a58979125a4c947664e98293a/lwjgl-opengl-3.3.3.jar:/home/lyok/.gradle/caches/modules-2/files-2.1/org.lwjgl/lwjgl-opengl/3.3.3/62c70a4b00ca5391882b0f4b787c1588d24f1c86/lwjgl-opengl-3.3.3-natives-linux.jar:/home/lyok/.gradle/caches/modules-2/files-2.1/org.lwjgl/lwjgl-stb/3.3.3/25dd6161988d7e65f71d5065c99902402ee32746/lwjgl-stb-3.3.3.jar:/home/lyok/.gradle/caches/modules-2/files-2.1/org.lwjgl/lwjgl-stb/3.3.3/fd1271ccd9d85eff2fa31f3fd543e02ccfaf5041/lwjgl-stb-3.3.3-natives-linux.jar:/home/lyok/.gradle/caches/modules-2/files-2.1/org.lwjgl/lwjgl-tinyfd/3.3.3/82d755ca94b102e9ca77283b9e2dc46d1b15fbe5/lwjgl-tinyfd-3.3.3.jar:/home/lyok/.gradle/caches/modules-2/files-2.1/org.lwjgl/lwjgl-tinyfd/3.3.3/d8d58daa0c3e5fd906fee96f5fddbcbc07cc308b/lwjgl-tinyfd-3.3.3-natives-linux.jar:/home/lyok/.gradle/caches/modules-2/files-2.1/org.lwjgl/lwjgl/3.3.3/29589b5f87ed335a6c7e7ee6a5775f81f97ecb84/lwjgl-3.3.3.jar:/home/lyok/.gradle/caches/modules-2/files-2.1/org.lwjgl/lwjgl/3.3.3/1713758e3660ba66e1e954396fd18126038b33c0/lwjgl-3.3.3-natives-linux.jar:/home/lyok/.gradle/caches/modules-2/files-2.1/org.lz4/lz4-java/1.8.0/4b986a99445e49ea5fbf5d149c4b63f6ed6c6780/lz4-java-1.8.0.jar:/home/lyok/.gradle/caches/modules-2/files-2.1/org.slf4j/slf4j-api/2.0.16/172931663a09a1fa515567af5fbef00897d3c04/slf4j-api-2.0.16.jar:/home/lyok/Documents/programming project/java/mc mod/lyk-adventime-template-1.21.4/.gradle/loom-cache/minecraftMaven/net/minecraft/minecraft-clientOnly-d1fae903ae/1.21.4-net.fabricmc.yarn.1_21_4.1.21.4+build.8-v2/minecraft-clientOnly-d1fae903ae-1.21.4-net.fabricmc.yarn.1_21_4.1.21.4+build.8-v2.jar:/home/lyok/Documents/programming project/java/mc mod/lyk-adventime-template-1.21.4/.gradle/loom-cache/minecraftMaven/net/minecraft/minecraft-common-d1fae903ae/1.21.4-net.fabricmc.yarn.1_21_4.1.21.4+build.8-v2/minecraft-common-d1fae903ae-1.21.4-net.fabricmc.yarn.1_21_4.1.21.4+build.8-v2.jar:/home/lyok/Documents/programming project/java/mc mod/lyk-adventime-template-1.21.4/.gradle/loom-cache/remapped_mods/net_fabricmc_yarn_1_21_4_1_21_4_build_8_v2/net/fabricmc/fabric-api/fabric-transfer-api-v1-client/5.4.9+efa825c904/fabric-transfer-api-v1-client-5.4.9+efa825c904.jar:/home/lyok/Documents/programming project/java/mc mod/lyk-adventime-template-1.21.4/.gradle/loom-cache/remapped_mods/net_fabricmc_yarn_1_21_4_1_21_4_build_8_v2/net/fabricmc/fabric-api/fabric-blockrenderlayer-v1-client/2.0.8+7feeb73304/fabric-blockrenderlayer-v1-client-2.0.8+7feeb73304.jar:/home/lyok/Documents/programming project/java/mc mod/lyk-adventime-template-1.21.4/.gradle/loom-cache/remapped_mods/net_fabricmc_yarn_1_21_4_1_21_4_build_8_v2/net/fabricmc/fabric-api/fabric-client-tags-api-v1-client/1.1.29+20ea1e2304/fabric-client-tags-api-v1-client-1.1.29+20ea1e2304.jar:/home/lyok/Documents/programming project/java/mc mod/lyk-adventime-template-1.21.4/.gradle/loom-cache/remapped_mods/net_fabricmc_yarn_1_21_4_1_21_4_build_8_v2/net/fabricmc/fabric-api/fabric-command-api-v2-client/2.2.41+e496eb1504/fabric-command-api-v2-client-2.2.41+e496eb1504.jar:/home/lyok/Documents/programming project/java/mc mod/lyk-adventime-template-1.21.4/.gradle/loom-cache/remapped_mods/net_fabricmc_yarn_1_21_4_1_21_4_build_8_v2/net/fabricmc/fabric-api/fabric-data-generation-api-v1-client/22.3.1+0f4e5f5504/fabric-data-generation-api-v1-client-22.3.1+0f4e5f5504.jar:/home/lyok/Documents/programming project/java/mc mod/lyk-adventime-template-1.21.4/.gradle/loom-cache/remapped_mods/net_fabricmc_yarn_1_21_4_1_21_4_build_8_v2/net/fabricmc/fabric-api/fabric-data-attachment-api-v1-client/1.6.2+e99da0f704/fabric-data-attachment-api-v1-client-1.6.2+e99da0f704.jar:/home/lyok/Documents/programming project/java/mc mod/lyk-adventime-template-1.21.4/.gradle/loom-cache/remapped_mods/net_fabricmc_yarn_1_21_4_1_21_4_build_8_v2/net/fabricmc/fabric-api/fabric-events-interaction-v0-client/4.0.4+a4eebcf004/fabric-events-interaction-v0-client-4.0.4+a4eebcf004.jar:/home/lyok/Documents/programming project/java/mc mod/lyk-adventime-template-1.21.4/.gradle/loom-cache/remapped_mods/net_fabricmc_yarn_1_21_4_1_21_4_build_8_v2/net/fabricmc/fabric-api/fabric-item-api-v1-client/11.3.0+ee91fa1f04/fabric-item-api-v1-client-11.3.0+ee91fa1f04.jar:/home/lyok/Documents/programming project/java/mc mod/lyk-adventime-template-1.21.4/.gradle/loom-cache/remapped_mods/net_fabricmc_yarn_1_21_4_1_21_4_build_8_v2/net/fabricmc/fabric-api/fabric-item-group-api-v1-client/4.2.2+fcb9601404/fabric-item-group-api-v1-client-4.2.2+fcb9601404.jar:/home/lyok/Documents/programming project/java/mc mod/lyk-adventime-template-1.21.4/.gradle/loom-cache/remapped_mods/net_fabricmc_yarn_1_21_4_1_21_4_build_8_v2/net/fabricmc/fabric-api/fabric-lifecycle-events-v1-client/2.5.4+bf2a60eb04/fabric-lifecycle-events-v1-client-2.5.4+bf2a60eb04.jar:/home/lyok/Documents/programming project/java/mc mod/lyk-adventime-template-1.21.4/.gradle/loom-cache/remapped_mods/net_fabricmc_yarn_1_21_4_1_21_4_build_8_v2/net/fabricmc/fabric-api/fabric-message-api-v1-client/6.0.25+7feeb73304/fabric-message-api-v1-client-6.0.25+7feeb73304.jar:/home/lyok/Documents/programming project/java/mc mod/lyk-adventime-template-1.21.4/.gradle/loom-cache/remapped_mods/net_fabricmc_yarn_1_21_4_1_21_4_build_8_v2/net/fabricmc/fabric-api/fabric-model-loading-api-v1-client/4.3.0+ae23723504/fabric-model-loading-api-v1-client-4.3.0+ae23723504.jar:/home/lyok/Documents/programming project/java/mc mod/lyk-adventime-template-1.21.4/.gradle/loom-cache/remapped_mods/net_fabricmc_yarn_1_21_4_1_21_4_build_8_v2/net/fabricmc/fabric-api/fabric-recipe-api-v1-client/8.1.1+640e77ae04/fabric-recipe-api-v1-client-8.1.1+640e77ae04.jar:/home/lyok/Documents/programming project/java/mc mod/lyk-adventime-template-1.21.4/.gradle/loom-cache/remapped_mods/net_fabricmc_yarn_1_21_4_1_21_4_build_8_v2/net/fabricmc/fabric-api/fabric-screen-handler-api-v1-client/1.3.118+7feeb73304/fabric-screen-handler-api-v1-client-1.3.118+7feeb73304.jar:/home/lyok/Documents/programming project/java/mc mod/lyk-adventime-template-1.21.4/.gradle/loom-cache/remapped_mods/net_fabricmc_yarn_1_21_4_1_21_4_build_8_v2/net/fabricmc/fabric-api/fabric-registry-sync-v0-client/6.1.11+4a9c1ece04/fabric-registry-sync-v0-client-6.1.11+4a9c1ece04.jar:/home/lyok/Documents/programming project/java/mc mod/lyk-adventime-template-1.21.4/.gradle/loom-cache/remapped_mods/net_fabricmc_yarn_1_21_4_1_21_4_build_8_v2/net/fabricmc/fabric-api/fabric-networking-api-v1-client/4.4.0+db5e668204/fabric-networking-api-v1-client-4.4.0+db5e668204.jar:/home/lyok/Documents/programming project/java/mc mod/lyk-adventime-template-1.21.4/.gradle/loom-cache/remapped_mods/net_fabricmc_yarn_1_21_4_1_21_4_build_8_v2/net/fabricmc/fabric-api/fabric-object-builder-api-v1-client/18.0.14+38b0d59804/fabric-object-builder-api-v1-client-18.0.14+38b0d59804.jar:/home/lyok/Documents/programming project/java/mc mod/lyk-adventime-template-1.21.4/.gradle/loom-cache/remapped_mods/net_fabricmc_yarn_1_21_4_1_21_4_build_8_v2/net/fabricmc/fabric-api/fabric-particles-v1-client/4.0.14+7feeb73304/fabric-particles-v1-client-4.0.14+7feeb73304.jar:/home/lyok/Documents/programming project/java/mc mod/lyk-adventime-template-1.21.4/.gradle/loom-cache/remapped_mods/net_fabricmc_yarn_1_21_4_1_21_4_build_8_v2/net/fabricmc/fabric-api/fabric-renderer-indigo-client/2.0.3+50f0feb204/fabric-renderer-indigo-client-2.0.3+50f0feb204.jar:/home/lyok/Documents/programming project/java/mc mod/lyk-adventime-template-1.21.4/.gradle/loom-cache/remapped_mods/net_fabricmc_yarn_1_21_4_1_21_4_build_8_v2/net/fabricmc/fabric-api/fabric-renderer-api-v1-client/5.0.3+50f0feb204/fabric-renderer-api-v1-client-5.0.3+50f0feb204.jar:/home/lyok/Documents/programming project/java/mc mod/lyk-adventime-template-1.21.4/.gradle/loom-cache/remapped_mods/net_fabricmc_yarn_1_21_4_1_21_4_build_8_v2/net/fabricmc/fabric-api/fabric-rendering-fluids-v1-client/3.1.19+7feeb73304/fabric-rendering-fluids-v1-client-3.1.19+7feeb73304.jar:/home/lyok/Documents/programming project/java/mc mod/lyk-adventime-template-1.21.4/.gradle/loom-cache/remapped_mods/net_fabricmc_yarn_1_21_4_1_21_4_build_8_v2/net/fabricmc/fabric-api/fabric-rendering-v1-client/10.2.1+0d31b09f04/fabric-rendering-v1-client-10.2.1+0d31b09f04.jar:/home/lyok/Documents/programming project/java/mc mod/lyk-adventime-template-1.21.4/.gradle/loom-cache/remapped_mods/net_fabricmc_yarn_1_21_4_1_21_4_build_8_v2/net/fabricmc/fabric-api/fabric-resource-loader-v0-client/3.1.1+360374ac04/fabric-resource-loader-v0-client-3.1.1+360374ac04.jar:/home/lyok/Documents/programming project/java/mc mod/lyk-adventime-template-1.21.4/.gradle/loom-cache/remapped_mods/net_fabricmc_yarn_1_21_4_1_21_4_build_8_v2/net/fabricmc/fabric-api/fabric-screen-api-v1-client/2.0.38+7feeb73304/fabric-screen-api-v1-client-2.0.38+7feeb73304.jar:/home/lyok/Documents/programming project/java/mc mod/lyk-adventime-template-1.21.4/.gradle/loom-cache/remapped_mods/net_fabricmc_yarn_1_21_4_1_21_4_build_8_v2/net/fabricmc/fabric-api/fabric-rendering-data-attachment-v1-client/0.3.58+73761d2e04/fabric-rendering-data-attachment-v1-client-0.3.58+73761d2e04.jar:/home/lyok/Documents/programming project/java/mc mod/lyk-adventime-template-1.21.4/.gradle/loom-cache/remapped_mods/net_fabricmc_yarn_1_21_4_1_21_4_build_8_v2/net/fabricmc/fabric-api/fabric-block-view-api-v2-client/1.0.20+9c49cc8c04/fabric-block-view-api-v2-client-1.0.20+9c49cc8c04.jar:/home/lyok/Documents/programming project/java/mc mod/lyk-adventime-template-1.21.4/.gradle/loom-cache/remapped_mods/net_fabricmc_yarn_1_21_4_1_21_4_build_8_v2/net/fabricmc/fabric-api/fabric-client-gametest-api-v1-client/4.1.1+6816ccd404/fabric-client-gametest-api-v1-client-4.1.1+6816ccd404.jar:/home/lyok/Documents/programming project/java/mc mod/lyk-adventime-template-1.21.4/.gradle/loom-cache/remapped_mods/net_fabricmc_yarn_1_21_4_1_21_4_build_8_v2/net/fabricmc/fabric-api/fabric-game-rule-api-v1-client/1.0.63+7d48d43904/fabric-game-rule-api-v1-client-1.0.63+7d48d43904.jar:/home/lyok/Documents/programming project/java/mc mod/lyk-adventime-template-1.21.4/.gradle/loom-cache/remapped_mods/net_fabricmc_yarn_1_21_4_1_21_4_build_8_v2/net/fabricmc/fabric-api/fabric-keybindings-v0-client/0.2.55+df3654b304/fabric-keybindings-v0-client-0.2.55+df3654b304.jar:/home/lyok/Documents/programming project/java/mc mod/lyk-adventime-template-1.21.4/.gradle/loom-cache/remapped_mods/net_fabricmc_yarn_1_21_4_1_21_4_build_8_v2/net/fabricmc/fabric-api/fabric-key-binding-api-v1-client/1.0.57+7d48d43904/fabric-key-binding-api-v1-client-1.0.57+7d48d43904.jar:/home/lyok/Documents/programming project/java/mc mod/lyk-adventime-template-1.21.4/.gradle/loom-cache/remapped_mods/net_fabricmc_yarn_1_21_4_1_21_4_build_8_v2/net/fabricmc/fabric-api/fabric-sound-api-v1-client/1.0.32+7feeb73304/fabric-sound-api-v1-client-1.0.32+7feeb73304.jar:/home/lyok/.gradle/caches/modules-2/files-2.1/net.fabricmc/fabric-loader/0.16.12/69514e24838c0cdd0a69ed6e81ab6d05b7690c57/fabric-loader-0.16.12.jar:/home/lyok/Documents/programming project/java/mc mod/lyk-adventime-template-1.21.4/.gradle/loom-cache/remapped_mods/net_fabricmc_yarn_1_21_4_1_21_4_build_8_v2/net/fabricmc/fabric-api/fabric-api-common/0.119.2+1.21.4/fabric-api-common-0.119.2+1.21.4.jar:/home/lyok/Documents/programming project/java/mc mod/lyk-adventime-template-1.21.4/.gradle/loom-cache/remapped_mods/net_fabricmc_yarn_1_21_4_1_21_4_build_8_v2/net/fabricmc/fabric-api/fabric-transfer-api-v1-common/5.4.9+efa825c904/fabric-transfer-api-v1-common-5.4.9+efa825c904.jar:/home/lyok/Documents/programming project/java/mc mod/lyk-adventime-template-1.21.4/.gradle/loom-cache/remapped_mods/net_fabricmc_yarn_1_21_4_1_21_4_build_8_v2/net/fabricmc/fabric-api/fabric-api-lookup-api-v1-common/1.6.86+b1caf1e904/fabric-api-lookup-api-v1-common-1.6.86+b1caf1e904.jar:/home/lyok/Documents/programming project/java/mc mod/lyk-adventime-template-1.21.4/.gradle/loom-cache/remapped_mods/net_fabricmc_yarn_1_21_4_1_21_4_build_8_v2/net/fabricmc/fabric-api/fabric-command-api-v1-common/1.2.62+f71b366f04/fabric-command-api-v1-common-1.2.62+f71b366f04.jar:/home/lyok/Documents/programming project/java/mc mod/lyk-adventime-template-1.21.4/.gradle/loom-cache/remapped_mods/net_fabricmc_yarn_1_21_4_1_21_4_build_8_v2/net/fabricmc/fabric-api/fabric-commands-v0-common/0.2.79+df3654b304/fabric-commands-v0-common-0.2.79+df3654b304.jar:/home/lyok/Documents/programming project/java/mc mod/lyk-adventime-template-1.21.4/.gradle/loom-cache/remapped_mods/net_fabricmc_yarn_1_21_4_1_21_4_build_8_v2/net/fabricmc/fabric-api/fabric-command-api-v2-common/2.2.41+e496eb1504/fabric-command-api-v2-common-2.2.41+e496eb1504.jar:/home/lyok/Documents/programming project/java/mc mod/lyk-adventime-template-1.21.4/.gradle/loom-cache/remapped_mods/net_fabricmc_yarn_1_21_4_1_21_4_build_8_v2/net/fabricmc/fabric-api/fabric-content-registries-v0-common/9.1.19+25d1a67604/fabric-content-registries-v0-common-9.1.19+25d1a67604.jar:/home/lyok/Documents/programming project/java/mc mod/lyk-adventime-template-1.21.4/.gradle/loom-cache/remapped_mods/net_fabricmc_yarn_1_21_4_1_21_4_build_8_v2/net/fabricmc/fabric-api/fabric-data-generation-api-v1-common/22.3.1+0f4e5f5504/fabric-data-generation-api-v1-common-22.3.1+0f4e5f5504.jar:/home/lyok/Documents/programming project/java/mc mod/lyk-adventime-template-1.21.4/.gradle/loom-cache/remapped_mods/net_fabricmc_yarn_1_21_4_1_21_4_build_8_v2/net/fabricmc/fabric-api/fabric-convention-tags-v1-common/2.1.20+7f945d5b04/fabric-convention-tags-v1-common-2.1.20+7f945d5b04.jar:/home/lyok/Documents/programming project/java/mc mod/lyk-adventime-template-1.21.4/.gradle/loom-cache/remapped_mods/net_fabricmc_yarn_1_21_4_1_21_4_build_8_v2/net/fabricmc/fabric-api/fabric-convention-tags-v2-common/2.14.1+1edcd29104/fabric-convention-tags-v2-common-2.14.1+1edcd29104.jar:/home/lyok/Documents/programming project/java/mc mod/lyk-adventime-template-1.21.4/.gradle/loom-cache/remapped_mods/net_fabricmc_yarn_1_21_4_1_21_4_build_8_v2/net/fabricmc/fabric-api/fabric-data-attachment-api-v1-common/1.6.2+e99da0f704/fabric-data-attachment-api-v1-common-1.6.2+e99da0f704.jar:/home/lyok/Documents/programming project/java/mc mod/lyk-adventime-template-1.21.4/.gradle/loom-cache/remapped_mods/net_fabricmc_yarn_1_21_4_1_21_4_build_8_v2/net/fabricmc/fabric-api/fabric-entity-events-v1-common/2.0.15+62245bef04/fabric-entity-events-v1-common-2.0.15+62245bef04.jar:/home/lyok/Documents/programming project/java/mc mod/lyk-adventime-template-1.21.4/.gradle/loom-cache/remapped_mods/net_fabricmc_yarn_1_21_4_1_21_4_build_8_v2/net/fabricmc/fabric-api/fabric-events-interaction-v0-common/4.0.4+a4eebcf004/fabric-events-interaction-v0-common-4.0.4+a4eebcf004.jar:/home/lyok/Documents/programming project/java/mc mod/lyk-adventime-template-1.21.4/.gradle/loom-cache/remapped_mods/net_fabricmc_yarn_1_21_4_1_21_4_build_8_v2/net/fabricmc/fabric-api/fabric-gametest-api-v1-common/2.0.26+7feeb73304/fabric-gametest-api-v1-common-2.0.26+7feeb73304.jar:/home/lyok/Documents/programming project/java/mc mod/lyk-adventime-template-1.21.4/.gradle/loom-cache/remapped_mods/net_fabricmc_yarn_1_21_4_1_21_4_build_8_v2/net/fabricmc/fabric-api/fabric-item-api-v1-common/11.3.0+ee91fa1f04/fabric-item-api-v1-common-11.3.0+ee91fa1f04.jar:/home/lyok/Documents/programming project/java/mc mod/lyk-adventime-template-1.21.4/.gradle/loom-cache/remapped_mods/net_fabricmc_yarn_1_21_4_1_21_4_build_8_v2/net/fabricmc/fabric-api/fabric-item-group-api-v1-common/4.2.2+fcb9601404/fabric-item-group-api-v1-common-4.2.2+fcb9601404.jar:/home/lyok/Documents/programming project/java/mc mod/lyk-adventime-template-1.21.4/.gradle/loom-cache/remapped_mods/net_fabricmc_yarn_1_21_4_1_21_4_build_8_v2/net/fabricmc/fabric-api/fabric-lifecycle-events-v1-common/2.5.4+bf2a60eb04/fabric-lifecycle-events-v1-common-2.5.4+bf2a60eb04.jar:/home/lyok/Documents/programming project/java/mc mod/lyk-adventime-template-1.21.4/.gradle/loom-cache/remapped_mods/net_fabricmc_yarn_1_21_4_1_21_4_build_8_v2/net/fabricmc/fabric-api/fabric-loot-api-v2-common/3.0.38+3f89f5a504/fabric-loot-api-v2-common-3.0.38+3f89f5a504.jar:/home/lyok/Documents/programming project/java/mc mod/lyk-adventime-template-1.21.4/.gradle/loom-cache/remapped_mods/net_fabricmc_yarn_1_21_4_1_21_4_build_8_v2/net/fabricmc/fabric-api/fabric-loot-api-v3-common/1.0.26+203e6b2304/fabric-loot-api-v3-common-1.0.26+203e6b2304.jar:/home/lyok/Documents/programming project/java/mc mod/lyk-adventime-template-1.21.4/.gradle/loom-cache/remapped_mods/net_fabricmc_yarn_1_21_4_1_21_4_build_8_v2/net/fabricmc/fabric-api/fabric-message-api-v1-common/6.0.25+7feeb73304/fabric-message-api-v1-common-6.0.25+7feeb73304.jar:/home/lyok/Documents/programming project/java/mc mod/lyk-adventime-template-1.21.4/.gradle/loom-cache/remapped_mods/net_fabricmc_yarn_1_21_4_1_21_4_build_8_v2/net/fabricmc/fabric-api/fabric-recipe-api-v1-common/8.1.1+640e77ae04/fabric-recipe-api-v1-common-8.1.1+640e77ae04.jar:/home/lyok/Documents/programming project/java/mc mod/lyk-adventime-template-1.21.4/.gradle/loom-cache/remapped_mods/net_fabricmc_yarn_1_21_4_1_21_4_build_8_v2/net/fabricmc/fabric-api/fabric-screen-handler-api-v1-common/1.3.118+7feeb73304/fabric-screen-handler-api-v1-common-1.3.118+7feeb73304.jar:/home/lyok/Documents/programming project/java/mc mod/lyk-adventime-template-1.21.4/.gradle/loom-cache/remapped_mods/net_fabricmc_yarn_1_21_4_1_21_4_build_8_v2/net/fabricmc/fabric-api/fabric-registry-sync-v0-common/6.1.11+4a9c1ece04/fabric-registry-sync-v0-common-6.1.11+4a9c1ece04.jar:/home/lyok/Documents/programming project/java/mc mod/lyk-adventime-template-1.21.4/.gradle/loom-cache/remapped_mods/net_fabricmc_yarn_1_21_4_1_21_4_build_8_v2/net/fabricmc/fabric-api/fabric-networking-api-v1-common/4.4.0+db5e668204/fabric-networking-api-v1-common-4.4.0+db5e668204.jar:/home/lyok/Documents/programming project/java/mc mod/lyk-adventime-template-1.21.4/.gradle/loom-cache/remapped_mods/net_fabricmc_yarn_1_21_4_1_21_4_build_8_v2/net/fabricmc/fabric-api/fabric-object-builder-api-v1-common/18.0.14+38b0d59804/fabric-object-builder-api-v1-common-18.0.14+38b0d59804.jar:/home/lyok/Documents/programming project/java/mc mod/lyk-adventime-template-1.21.4/.gradle/loom-cache/remapped_mods/net_fabricmc_yarn_1_21_4_1_21_4_build_8_v2/net/fabricmc/fabric-api/fabric-particles-v1-common/4.0.14+7feeb73304/fabric-particles-v1-common-4.0.14+7feeb73304.jar:/home/lyok/Documents/programming project/java/mc mod/lyk-adventime-template-1.21.4/.gradle/loom-cache/remapped_mods/net_fabricmc_yarn_1_21_4_1_21_4_build_8_v2/net/fabricmc/fabric-api/fabric-rendering-fluids-v1-common/3.1.19+7feeb73304/fabric-rendering-fluids-v1-common-3.1.19+7feeb73304.jar:/home/lyok/Documents/programming project/java/mc mod/lyk-adventime-template-1.21.4/.gradle/loom-cache/remapped_mods/net_fabricmc_yarn_1_21_4_1_21_4_build_8_v2/net/fabricmc/fabric-api/fabric-tag-api-v1-common/1.0.7+7d48d43904/fabric-tag-api-v1-common-1.0.7+7d48d43904.jar:/home/lyok/Documents/programming project/java/mc mod/lyk-adventime-template-1.21.4/.gradle/loom-cache/remapped_mods/net_fabricmc_yarn_1_21_4_1_21_4_build_8_v2/net/fabricmc/fabric-api/fabric-resource-loader-v0-common/3.1.1+360374ac04/fabric-resource-loader-v0-common-3.1.1+360374ac04.jar:/home/lyok/Documents/programming project/java/mc mod/lyk-adventime-template-1.21.4/.gradle/loom-cache/remapped_mods/net_fabricmc_yarn_1_21_4_1_21_4_build_8_v2/net/fabricmc/fabric-api/fabric-api-base-common/0.4.54+b47eab6b04/fabric-api-base-common-0.4.54+b47eab6b04.jar:/home/lyok/Documents/programming project/java/mc mod/lyk-adventime-template-1.21.4/.gradle/loom-cache/remapped_mods/net_fabricmc_yarn_1_21_4_1_21_4_build_8_v2/net/fabricmc/fabric-api/fabric-biome-api-v1-common/15.0.6+b1c29d8e04/fabric-biome-api-v1-common-15.0.6+b1c29d8e04.jar:/home/lyok/Documents/programming project/java/mc mod/lyk-adventime-template-1.21.4/.gradle/loom-cache/remapped_mods/net_fabricmc_yarn_1_21_4_1_21_4_build_8_v2/net/fabricmc/fabric-api/fabric-block-api-v1-common/1.0.31+7feeb73304/fabric-block-api-v1-common-1.0.31+7feeb73304.jar:/home/lyok/Documents/programming project/java/mc mod/lyk-adventime-template-1.21.4/.gradle/loom-cache/remapped_mods/net_fabricmc_yarn_1_21_4_1_21_4_build_8_v2/net/fabricmc/fabric-api/fabric-rendering-data-attachment-v1-common/0.3.58+73761d2e04/fabric-rendering-data-attachment-v1-common-0.3.58+73761d2e04.jar:/home/lyok/Documents/programming project/java/mc mod/lyk-adventime-template-1.21.4/.gradle/loom-cache/remapped_mods/net_fabricmc_yarn_1_21_4_1_21_4_build_8_v2/net/fabricmc/fabric-api/fabric-block-view-api-v2-common/1.0.20+9c49cc8c04/fabric-block-view-api-v2-common-1.0.20+9c49cc8c04.jar:/home/lyok/Documents/programming project/java/mc mod/lyk-adventime-template-1.21.4/.gradle/loom-cache/remapped_mods/net_fabricmc_yarn_1_21_4_1_21_4_build_8_v2/net/fabricmc/fabric-api/fabric-crash-report-info-v1-common/0.3.6+7feeb73304/fabric-crash-report-info-v1-common-0.3.6+7feeb73304.jar:/home/lyok/Documents/programming project/java/mc mod/lyk-adventime-template-1.21.4/.gradle/loom-cache/remapped_mods/net_fabricmc_yarn_1_21_4_1_21_4_build_8_v2/net/fabricmc/fabric-api/fabric-dimensions-v1-common/4.0.10+7feeb73304/fabric-dimensions-v1-common-4.0.10+7feeb73304.jar:/home/lyok/Documents/programming project/java/mc mod/lyk-adventime-template-1.21.4/.gradle/loom-cache/remapped_mods/net_fabricmc_yarn_1_21_4_1_21_4_build_8_v2/net/fabricmc/fabric-api/fabric-game-rule-api-v1-common/1.0.63+7d48d43904/fabric-game-rule-api-v1-common-1.0.63+7d48d43904.jar:/home/lyok/Documents/programming project/java/mc mod/lyk-adventime-template-1.21.4/.gradle/loom-cache/remapped_mods/net_fabricmc_yarn_1_21_4_1_21_4_build_8_v2/net/fabricmc/fabric-api/fabric-resource-conditions-api-v1-common/5.0.13+203e6b2304/fabric-resource-conditions-api-v1-common-5.0.13+203e6b2304.jar:/home/lyok/Documents/programming project/java/mc mod/lyk-adventime-template-1.21.4/.gradle/loom-cache/remapped_mods/net_fabricmc_yarn_1_21_4_1_21_4_build_8_v2/net/fabricmc/fabric-api/fabric-transitive-access-wideners-v1-common/6.3.2+56e78b9b04/fabric-transitive-access-wideners-v1-common-6.3.2+56e78b9b04.jar:/home/lyok/.gradle/caches/modules-2/files-2.1/org.jline/jline-reader/3.20.0/8f15415b022a25b473e8e16c28ae913186ffb9c4/jline-reader-3.20.0.jar:/home/lyok/.gradle/caches/modules-2/files-2.1/org.jline/jline-terminal/3.20.0/d0ddcc708ddf527a3454c941b7b9225cc83a15ff/jline-terminal-3.20.0.jar:/home/lyok/Documents/programming project/java/mc mod/lyk-adventime-template-1.21.4/build/classes/java/main:/home/lyok/Documents/programming project/java/mc mod/lyk-adventime-template-1.21.4/build/resources/main)
	at knot/com.sun.jna.NativeLibrary.loadLibrary(NativeLibrary.java:325) ~[jna-5.15.0.jar:?]
	at knot/com.sun.jna.NativeLibrary.getInstance(NativeLibrary.java:481) ~[jna-5.15.0.jar:?]
	at knot/com.sun.jna.NativeLibrary.getInstance(NativeLibrary.java:423) ~[jna-5.15.0.jar:?]
	at knot/com.mojang.text2speech.NarratorLinux$FliteLibrary.loadNative(NarratorLinux.java:67) ~[text2speech-1.17.9.jar:?]
	... 9 more
	Suppressed: java.lang.UnsatisfiedLinkError: libflite.so: cannot open shared object file: No such file or directory
		at knot/com.sun.jna.Native.open(Native Method) ~[jna-5.15.0.jar:?]
		at knot/com.sun.jna.NativeLibrary.loadLibrary(NativeLibrary.java:213) ~[jna-5.15.0.jar:?]
		at knot/com.sun.jna.NativeLibrary.getInstance(NativeLibrary.java:481) ~[jna-5.15.0.jar:?]
		at knot/com.sun.jna.NativeLibrary.getInstance(NativeLibrary.java:423) ~[jna-5.15.0.jar:?]
		at knot/com.mojang.text2speech.NarratorLinux$FliteLibrary.loadNative(NarratorLinux.java:67) ~[text2speech-1.17.9.jar:?]
		at knot/com.mojang.text2speech.NarratorLinux.<init>(NarratorLinux.java:18) ~[text2speech-1.17.9.jar:?]
		at knot/com.mojang.text2speech.Narrator.getNarrator(Narrator.java:41) [text2speech-1.17.9.jar:?]
		at knot/net.minecraft.client.util.NarratorManager.<init>(NarratorManager.java) [minecraft-clientOnly-d1fae903ae-1.21.4-net.fabricmc.yarn.1_21_4.1.21.4+build.8-v2.jar:?]
		at knot/net.minecraft.client.MinecraftClient.<init>(MinecraftClient.java:716) [minecraft-clientOnly-d1fae903ae-1.21.4-net.fabricmc.yarn.1_21_4.1.21.4+build.8-v2.jar:?]
		at knot/net.minecraft.client.main.Main.main(Main.java:224) [minecraft-clientOnly-d1fae903ae-1.21.4-net.fabricmc.yarn.1_21_4.1.21.4+build.8-v2.jar:?]
		at net.fabricmc.loader.impl.game.minecraft.MinecraftGameProvider.launch(MinecraftGameProvider.java:480) [fabric-loader-0.16.12.jar:?]
		at net.fabricmc.loader.impl.launch.knot.Knot.launch(Knot.java:74) [fabric-loader-0.16.12.jar:?]
		at net.fabricmc.loader.impl.launch.knot.KnotClient.main(KnotClient.java:23) [fabric-loader-0.16.12.jar:?]
		at net.fabricmc.devlaunchinjector.Main.main(Main.java:86) [dev-launch-injector-0.2.1+build.8.jar:?]
	Suppressed: java.lang.UnsatisfiedLinkError: libflite.so: cannot open shared object file: No such file or directory
		at knot/com.sun.jna.Native.open(Native Method) ~[jna-5.15.0.jar:?]
		at knot/com.sun.jna.NativeLibrary.loadLibrary(NativeLibrary.java:226) ~[jna-5.15.0.jar:?]
		at knot/com.sun.jna.NativeLibrary.getInstance(NativeLibrary.java:481) ~[jna-5.15.0.jar:?]
		at knot/com.sun.jna.NativeLibrary.getInstance(NativeLibrary.java:423) ~[jna-5.15.0.jar:?]
		at knot/com.mojang.text2speech.NarratorLinux$FliteLibrary.loadNative(NarratorLinux.java:67) ~[text2speech-1.17.9.jar:?]
		at knot/com.mojang.text2speech.NarratorLinux.<init>(NarratorLinux.java:18) ~[text2speech-1.17.9.jar:?]
		at knot/com.mojang.text2speech.Narrator.getNarrator(Narrator.java:41) [text2speech-1.17.9.jar:?]
		at knot/net.minecraft.client.util.NarratorManager.<init>(NarratorManager.java) [minecraft-clientOnly-d1fae903ae-1.21.4-net.fabricmc.yarn.1_21_4.1.21.4+build.8-v2.jar:?]
		at knot/net.minecraft.client.MinecraftClient.<init>(MinecraftClient.java:716) [minecraft-clientOnly-d1fae903ae-1.21.4-net.fabricmc.yarn.1_21_4.1.21.4+build.8-v2.jar:?]
		at knot/net.minecraft.client.main.Main.main(Main.java:224) [minecraft-clientOnly-d1fae903ae-1.21.4-net.fabricmc.yarn.1_21_4.1.21.4+build.8-v2.jar:?]
		at net.fabricmc.loader.impl.game.minecraft.MinecraftGameProvider.launch(MinecraftGameProvider.java:480) [fabric-loader-0.16.12.jar:?]
		at net.fabricmc.loader.impl.launch.knot.Knot.launch(Knot.java:74) [fabric-loader-0.16.12.jar:?]
		at net.fabricmc.loader.impl.launch.knot.KnotClient.main(KnotClient.java:23) [fabric-loader-0.16.12.jar:?]
		at net.fabricmc.devlaunchinjector.Main.main(Main.java:86) [dev-launch-injector-0.2.1+build.8.jar:?]
	Suppressed: java.io.IOException: Native library (linux-x86-64/libflite.so) not found in resource path (/home/lyok/Documents/programming project/java/mc mod/lyk-adventime-template-1.21.4/build/classes/java/client:/home/lyok/Documents/programming project/java/mc mod/lyk-adventime-template-1.21.4/build/resources/client:/home/lyok/.gradle/caches/fabric-loom/1.21.4/net.fabricmc.yarn.1_21_4.1.21.4+build.8-v2/mappings.jar:/home/lyok/.gradle/caches/modules-2/files-2.1/org.ow2.asm/asm/9.7.1/f0ed132a49244b042cd0e15702ab9f2ce3cc8436/asm-9.7.1.jar:/home/lyok/.gradle/caches/modules-2/files-2.1/org.ow2.asm/asm-analysis/9.7.1/f97a3b319f0ed6a8cd944dc79060d3912a28985f/asm-analysis-9.7.1.jar:/home/lyok/.gradle/caches/modules-2/files-2.1/org.ow2.asm/asm-commons/9.7.1/406c6a2225cfe1819f102a161e54cc16a5c24f75/asm-commons-9.7.1.jar:/home/lyok/.gradle/caches/modules-2/files-2.1/org.ow2.asm/asm-tree/9.7.1/3a53139787663b139de76b627fca0084ab60d32c/asm-tree-9.7.1.jar:/home/lyok/.gradle/caches/modules-2/files-2.1/org.ow2.asm/asm-util/9.7.1/9e23359b598ec6b74b23e53110dd5c577adf2243/asm-util-9.7.1.jar:/home/lyok/.gradle/caches/modules-2/files-2.1/net.fabricmc/sponge-mixin/0.15.4+mixin.0.8.7/6a12aacc794f1078458433116e9ed42c1cc98096/sponge-mixin-0.15.4+mixin.0.8.7.jar:/home/lyok/.gradle/caches/modules-2/files-2.1/io.github.llamalad7/mixinextras-fabric/0.4.1/8d1a9e96afb990367fa1f904d17580d164da72e3/mixinextras-fabric-0.4.1.jar:/home/lyok/.gradle/caches/modules-2/files-2.1/net.fabricmc/dev-launch-injector/0.2.1+build.8/da8bef7e6e2f952da707f282bdb46882a0fce5e3/dev-launch-injector-0.2.1+build.8.jar:/home/lyok/.gradle/caches/modules-2/files-2.1/net.minecrell/terminalconsoleappender/1.3.0/b562e9bb61235c9520e26282cdee71f8f802d1fc/terminalconsoleappender-1.3.0.jar:/home/lyok/.gradle/caches/modules-2/files-2.1/com.fasterxml.jackson.core/jackson-annotations/2.13.4/858c6cc78e1f08a885b1613e1d817c829df70a6e/jackson-annotations-2.13.4.jar:/home/lyok/.gradle/caches/modules-2/files-2.1/com.fasterxml.jackson.core/jackson-core/2.13.4/cf934c681294b97ef6d80082faeefbe1edadf56/jackson-core-2.13.4.jar:/home/lyok/.gradle/caches/modules-2/files-2.1/com.fasterxml.jackson.core/jackson-databind/2.13.4.2/325c06bdfeb628cfb80ebaaf1a26cc1eb558a585/jackson-databind-2.13.4.2.jar:/home/lyok/.gradle/caches/modules-2/files-2.1/com.github.oshi/oshi-core/6.6.5/e1099981fd15dc4236c4499d82aba1276fb43a9a/oshi-core-6.6.5.jar:/home/lyok/.gradle/caches/modules-2/files-2.1/com.github.stephenc.jcip/jcip-annotations/1.0-1/ef31541dd28ae2cefdd17c7ebf352d93e9058c63/jcip-annotations-1.0-1.jar:/home/lyok/.gradle/caches/modules-2/files-2.1/com.google.code.gson/gson/2.11.0/527175ca6d81050b53bdd4c457a6d6e017626b0e/gson-2.11.0.jar:/home/lyok/.gradle/caches/modules-2/files-2.1/com.google.guava/failureaccess/1.0.2/c4a06a64e650562f30b7bf9aaec1bfed43aca12b/failureaccess-1.0.2.jar:/home/lyok/.gradle/caches/modules-2/files-2.1/com.google.guava/guava/33.3.1-jre/852f8b363da0111e819460021ca693cacca3e8db/guava-33.3.1-jre.jar:/home/lyok/.gradle/caches/modules-2/files-2.1/com.ibm.icu/icu4j/76.1/215f3a8e936d4069344bd75f2b1368fd58112894/icu4j-76.1.jar:/home/lyok/.gradle/caches/modules-2/files-2.1/com.microsoft.azure/msal4j/1.17.2/a6211e3d71d0388929babaa0ff0951b30d001852/msal4j-1.17.2.jar:/home/lyok/.gradle/caches/modules-2/files-2.1/com.mojang/authlib/6.0.57/bded3161a7346de32213da750388ec6529fe4f6b/authlib-6.0.57.jar:/home/lyok/.gradle/caches/modules-2/files-2.1/com.mojang/blocklist/1.0.10/5c685c5ffa94c4cd39496c7184c1d122e515ecef/blocklist-1.0.10.jar:/home/lyok/.gradle/caches/modules-2/files-2.1/com.mojang/brigadier/1.3.10/d15b53a14cf20fdcaa98f731af5dda654452c010/brigadier-1.3.10.jar:/home/lyok/.gradle/caches/modules-2/files-2.1/com.mojang/datafixerupper/8.0.16/67d4de6d7f95d89bcf5862995fb854ebaec02a34/datafixerupper-8.0.16.jar:/home/lyok/.gradle/caches/modules-2/files-2.1/com.mojang/jtracy/1.0.29/6f07dcb6a2e595c7ee2ca43b67e5d1c018ca0770/jtracy-1.0.29.jar:/home/lyok/.gradle/caches/modules-2/files-2.1/com.mojang/jtracy/1.0.29/f43b6fa5cd0ecf8e6a33bc30a24b117cd0ebbfa1/jtracy-1.0.29-natives-linux.jar:/home/lyok/.gradle/caches/modules-2/files-2.1/com.mojang/logging/1.5.10/9ab1202793717af9df9c1704d0a02892067001eb/logging-1.5.10.jar:/home/lyok/.gradle/caches/modules-2/files-2.1/com.mojang/patchy/2.2.10/da05971b07cbb379d002cf7eaec6a2048211fefc/patchy-2.2.10.jar:/home/lyok/.gradle/caches/modules-2/files-2.1/com.mojang/text2speech/1.17.9/3cad216e3a7f0c19b4b394388bc9ffc446f13b14/text2speech-1.17.9.jar:/home/lyok/.gradle/caches/modules-2/files-2.1/com.nimbusds/content-type/2.3/e3aa0be212d7a42839a8f3f506f5b990bcce0222/content-type-2.3.jar:/home/lyok/.gradle/caches/modules-2/files-2.1/com.nimbusds/lang-tag/1.7/97c73ecd70bc7e8eefb26c5eea84f251a63f1031/lang-tag-1.7.jar:/home/lyok/.gradle/caches/modules-2/files-2.1/com.nimbusds/nimbus-jose-jwt/9.40/42b1dfa0360e4062951b070bac52dd8d96fd7b38/nimbus-jose-jwt-9.40.jar:/home/lyok/.gradle/caches/modules-2/files-2.1/com.nimbusds/oauth2-oidc-sdk/11.18/7c7ec4f4066625ff07a711ad856fa04da1ff9de/oauth2-oidc-sdk-11.18.jar:/home/lyok/.gradle/caches/modules-2/files-2.1/commons-codec/commons-codec/1.17.1/973638b7149d333563584137ebf13a691bb60579/commons-codec-1.17.1.jar:/home/lyok/.gradle/caches/modules-2/files-2.1/commons-io/commons-io/2.17.0/ddcc8433eb019fb48fe25207c0278143f3e1d7e2/commons-io-2.17.0.jar:/home/lyok/.gradle/caches/modules-2/files-2.1/commons-logging/commons-logging/1.3.4/b9fc14968d63a8b8a8a2c1885fe3e90564239708/commons-logging-1.3.4.jar:/home/lyok/.gradle/caches/modules-2/files-2.1/io.netty/netty-buffer/4.1.115.Final/d5daf1030e5c36d198caf7562da2441a97ec0df6/netty-buffer-4.1.115.Final.jar:/home/lyok/.gradle/caches/modules-2/files-2.1/io.netty/netty-codec/4.1.115.Final/d326bf3a4c785b272da3db6941779a1bd5448378/netty-codec-4.1.115.Final.jar:/home/lyok/.gradle/caches/modules-2/files-2.1/io.netty/netty-common/4.1.115.Final/9da10a9f72e3f87e181d91b525174007a6fc4f11/netty-common-4.1.115.Final.jar:/home/lyok/.gradle/caches/modules-2/files-2.1/io.netty/netty-handler/4.1.115.Final/d54dbf68b9d88a98240107758c6b63da5e46e23a/netty-handler-4.1.115.Final.jar:/home/lyok/.gradle/caches/modules-2/files-2.1/io.netty/netty-resolver/4.1.115.Final/e33b4d476c03975957f5d8d0319d592bf2bc5e96/netty-resolver-4.1.115.Final.jar:/home/lyok/.gradle/caches/modules-2/files-2.1/io.netty/netty-transport-classes-epoll/4.1.115.Final/11fea00408ecbd8b8d1f0698d708e37db4a01841/netty-transport-classes-epoll-4.1.115.Final.jar:/home/lyok/.gradle/caches/modules-2/files-2.1/io.netty/netty-transport-native-epoll/4.1.115.Final/a80b32f98ceb4e27958c0ceaf22ddad9ea6c0d4e/netty-transport-native-epoll-4.1.115.Final-linux-aarch_64.jar:/home/lyok/.gradle/caches/modules-2/files-2.1/io.netty/netty-transport-native-epoll/4.1.115.Final/a6cc58c4a259bad159cbb06120cea9b3474e86a0/netty-transport-native-epoll-4.1.115.Final-linux-x86_64.jar:/home/lyok/.gradle/caches/modules-2/files-2.1/io.netty/netty-transport-native-unix-common/4.1.115.Final/dc96c67d06cd6b5eb677f2728f27bf2e3d9a7284/netty-transport-native-unix-common-4.1.115.Final.jar:/home/lyok/.gradle/caches/modules-2/files-2.1/io.netty/netty-transport/4.1.115.Final/39cef77c1a25908ac1abf4960c2e789f0bf70ff9/netty-transport-4.1.115.Final.jar:/home/lyok/.gradle/caches/modules-2/files-2.1/it.unimi.dsi/fastutil/8.5.15/1e885b40c9563ab0d3899b871fd0b30e958705dc/fastutil-8.5.15.jar:/home/lyok/.gradle/caches/modules-2/files-2.1/net.java.dev.jna/jna-platform/5.15.0/86b502cad57d45da172b5e3231c537b042e296ef/jna-platform-5.15.0.jar:/home/lyok/.gradle/caches/modules-2/files-2.1/net.java.dev.jna/jna/5.15.0/1ee1d80ff44f08280188f7c0e740d57207841ac/jna-5.15.0.jar:/home/lyok/.gradle/caches/modules-2/files-2.1/net.minidev/accessors-smart/2.5.1/19b820261eb2e7de7d5bde11d1c06e4501dd7e5f/accessors-smart-2.5.1.jar:/home/lyok/.gradle/caches/modules-2/files-2.1/net.minidev/json-smart/2.5.1/4c11d2808d009132dfbbf947ebf37de6bf266c8e/json-smart-2.5.1.jar:/home/lyok/.gradle/caches/modules-2/files-2.1/net.sf.jopt-simple/jopt-simple/5.0.4/4fdac2fbe92dfad86aa6e9301736f6b4342a3f5c/jopt-simple-5.0.4.jar:/home/lyok/.gradle/caches/modules-2/files-2.1/org.apache.commons/commons-compress/1.27.1/a19151084758e2fbb6b41eddaa88e7b8ff4e6599/commons-compress-1.27.1.jar:/home/lyok/.gradle/caches/modules-2/files-2.1/org.apache.commons/commons-lang3/3.17.0/b17d2136f0460dcc0d2016ceefca8723bdf4ee70/commons-lang3-3.17.0.jar:/home/lyok/.gradle/caches/modules-2/files-2.1/org.apache.httpcomponents/httpclient/4.5.14/1194890e6f56ec29177673f2f12d0b8e627dec98/httpclient-4.5.14.jar:/home/lyok/.gradle/caches/modules-2/files-2.1/org.apache.httpcomponents/httpcore/4.4.16/51cf043c87253c9f58b539c9f7e44c8894223850/httpcore-4.4.16.jar:/home/lyok/.gradle/caches/modules-2/files-2.1/org.apache.logging.log4j/log4j-core/2.24.1/c85285146f28d8c8962384f786e2dff04172fb43/log4j-core-2.24.1.jar:/home/lyok/.gradle/caches/modules-2/files-2.1/org.apache.logging.log4j/log4j-api/2.24.1/7ebeb12c20606373005af4232cd0ecca72613dda/log4j-api-2.24.1.jar:/home/lyok/.gradle/caches/modules-2/files-2.1/org.apache.logging.log4j/log4j-slf4j2-impl/2.24.1/8e3ddc96464ef7f768823e7e001a52b23de8cd0a/log4j-slf4j2-impl-2.24.1.jar:/home/lyok/.gradle/caches/modules-2/files-2.1/org.jcraft/jorbis/0.0.17/8872d22b293e8f5d7d56ff92be966e6dc28ebdc6/jorbis-0.0.17.jar:/home/lyok/.gradle/caches/modules-2/files-2.1/org.joml/joml/1.10.8/fc0a71dad90a2cf41d82a76156a0e700af8e4f8d/joml-1.10.8.jar:/home/lyok/.gradle/caches/modules-2/files-2.1/org.lwjgl/lwjgl-freetype/3.3.3/a0db6c84a8becc8ca05f9dbfa985edc348a824c7/lwjgl-freetype-3.3.3.jar:/home/lyok/.gradle/caches/modules-2/files-2.1/org.lwjgl/lwjgl-freetype/3.3.3/149070a5480900347071b7074779531f25a6e3dc/lwjgl-freetype-3.3.3-natives-linux.jar:/home/lyok/.gradle/caches/modules-2/files-2.1/org.lwjgl/lwjgl-glfw/3.3.3/efa1eb78c5ccd840e9f329717109b5e892d72f8e/lwjgl-glfw-3.3.3.jar:/home/lyok/.gradle/caches/modules-2/files-2.1/org.lwjgl/lwjgl-glfw/3.3.3/a03684c5e4b1b1dbbe0d29dbbdc27b985b6840f2/lwjgl-glfw-3.3.3-natives-linux.jar:/home/lyok/.gradle/caches/modules-2/files-2.1/org.lwjgl/lwjgl-jemalloc/3.3.3/b543467b7ff3c6920539a88ee602d34098628be5/lwjgl-jemalloc-3.3.3.jar:/home/lyok/.gradle/caches/modules-2/files-2.1/org.lwjgl/lwjgl-jemalloc/3.3.3/4f86728bf449b1dd61251c4e0ac01df1389cb51e/lwjgl-jemalloc-3.3.3-natives-linux.jar:/home/lyok/.gradle/caches/modules-2/files-2.1/org.lwjgl/lwjgl-openal/3.3.3/daada81ceb5fc0c291fbfdd4433cb8d9423577f2/lwjgl-openal-3.3.3.jar:/home/lyok/.gradle/caches/modules-2/files-2.1/org.lwjgl/lwjgl-openal/3.3.3/3037360cc4595079bea240af250b6d1a527e0905/lwjgl-openal-3.3.3-natives-linux.jar:/home/lyok/.gradle/caches/modules-2/files-2.1/org.lwjgl/lwjgl-opengl/3.3.3/2f6b0147078396a58979125a4c947664e98293a/lwjgl-opengl-3.3.3.jar:/home/lyok/.gradle/caches/modules-2/files-2.1/org.lwjgl/lwjgl-opengl/3.3.3/62c70a4b00ca5391882b0f4b787c1588d24f1c86/lwjgl-opengl-3.3.3-natives-linux.jar:/home/lyok/.gradle/caches/modules-2/files-2.1/org.lwjgl/lwjgl-stb/3.3.3/25dd6161988d7e65f71d5065c99902402ee32746/lwjgl-stb-3.3.3.jar:/home/lyok/.gradle/caches/modules-2/files-2.1/org.lwjgl/lwjgl-stb/3.3.3/fd1271ccd9d85eff2fa31f3fd543e02ccfaf5041/lwjgl-stb-3.3.3-natives-linux.jar:/home/lyok/.gradle/caches/modules-2/files-2.1/org.lwjgl/lwjgl-tinyfd/3.3.3/82d755ca94b102e9ca77283b9e2dc46d1b15fbe5/lwjgl-tinyfd-3.3.3.jar:/home/lyok/.gradle/caches/modules-2/files-2.1/org.lwjgl/lwjgl-tinyfd/3.3.3/d8d58daa0c3e5fd906fee96f5fddbcbc07cc308b/lwjgl-tinyfd-3.3.3-natives-linux.jar:/home/lyok/.gradle/caches/modules-2/files-2.1/org.lwjgl/lwjgl/3.3.3/29589b5f87ed335a6c7e7ee6a5775f81f97ecb84/lwjgl-3.3.3.jar:/home/lyok/.gradle/caches/modules-2/files-2.1/org.lwjgl/lwjgl/3.3.3/1713758e3660ba66e1e954396fd18126038b33c0/lwjgl-3.3.3-natives-linux.jar:/home/lyok/.gradle/caches/modules-2/files-2.1/org.lz4/lz4-java/1.8.0/4b986a99445e49ea5fbf5d149c4b63f6ed6c6780/lz4-java-1.8.0.jar:/home/lyok/.gradle/caches/modules-2/files-2.1/org.slf4j/slf4j-api/2.0.16/172931663a09a1fa515567af5fbef00897d3c04/slf4j-api-2.0.16.jar:/home/lyok/Documents/programming project/java/mc mod/lyk-adventime-template-1.21.4/.gradle/loom-cache/minecraftMaven/net/minecraft/minecraft-clientOnly-d1fae903ae/1.21.4-net.fabricmc.yarn.1_21_4.1.21.4+build.8-v2/minecraft-clientOnly-d1fae903ae-1.21.4-net.fabricmc.yarn.1_21_4.1.21.4+build.8-v2.jar:/home/lyok/Documents/programming project/java/mc mod/lyk-adventime-template-1.21.4/.gradle/loom-cache/minecraftMaven/net/minecraft/minecraft-common-d1fae903ae/1.21.4-net.fabricmc.yarn.1_21_4.1.21.4+build.8-v2/minecraft-common-d1fae903ae-1.21.4-net.fabricmc.yarn.1_21_4.1.21.4+build.8-v2.jar:/home/lyok/Documents/programming project/java/mc mod/lyk-adventime-template-1.21.4/.gradle/loom-cache/remapped_mods/net_fabricmc_yarn_1_21_4_1_21_4_build_8_v2/net/fabricmc/fabric-api/fabric-transfer-api-v1-client/5.4.9+efa825c904/fabric-transfer-api-v1-client-5.4.9+efa825c904.jar:/home/lyok/Documents/programming project/java/mc mod/lyk-adventime-template-1.21.4/.gradle/loom-cache/remapped_mods/net_fabricmc_yarn_1_21_4_1_21_4_build_8_v2/net/fabricmc/fabric-api/fabric-blockrenderlayer-v1-client/2.0.8+7feeb73304/fabric-blockrenderlayer-v1-client-2.0.8+7feeb73304.jar:/home/lyok/Documents/programming project/java/mc mod/lyk-adventime-template-1.21.4/.gradle/loom-cache/remapped_mods/net_fabricmc_yarn_1_21_4_1_21_4_build_8_v2/net/fabricmc/fabric-api/fabric-client-tags-api-v1-client/1.1.29+20ea1e2304/fabric-client-tags-api-v1-client-1.1.29+20ea1e2304.jar:/home/lyok/Documents/programming project/java/mc mod/lyk-adventime-template-1.21.4/.gradle/loom-cache/remapped_mods/net_fabricmc_yarn_1_21_4_1_21_4_build_8_v2/net/fabricmc/fabric-api/fabric-command-api-v2-client/2.2.41+e496eb1504/fabric-command-api-v2-client-2.2.41+e496eb1504.jar:/home/lyok/Documents/programming project/java/mc mod/lyk-adventime-template-1.21.4/.gradle/loom-cache/remapped_mods/net_fabricmc_yarn_1_21_4_1_21_4_build_8_v2/net/fabricmc/fabric-api/fabric-data-generation-api-v1-client/22.3.1+0f4e5f5504/fabric-data-generation-api-v1-client-22.3.1+0f4e5f5504.jar:/home/lyok/Documents/programming project/java/mc mod/lyk-adventime-template-1.21.4/.gradle/loom-cache/remapped_mods/net_fabricmc_yarn_1_21_4_1_21_4_build_8_v2/net/fabricmc/fabric-api/fabric-data-attachment-api-v1-client/1.6.2+e99da0f704/fabric-data-attachment-api-v1-client-1.6.2+e99da0f704.jar:/home/lyok/Documents/programming project/java/mc mod/lyk-adventime-template-1.21.4/.gradle/loom-cache/remapped_mods/net_fabricmc_yarn_1_21_4_1_21_4_build_8_v2/net/fabricmc/fabric-api/fabric-events-interaction-v0-client/4.0.4+a4eebcf004/fabric-events-interaction-v0-client-4.0.4+a4eebcf004.jar:/home/lyok/Documents/programming project/java/mc mod/lyk-adventime-template-1.21.4/.gradle/loom-cache/remapped_mods/net_fabricmc_yarn_1_21_4_1_21_4_build_8_v2/net/fabricmc/fabric-api/fabric-item-api-v1-client/11.3.0+ee91fa1f04/fabric-item-api-v1-client-11.3.0+ee91fa1f04.jar:/home/lyok/Documents/programming project/java/mc mod/lyk-adventime-template-1.21.4/.gradle/loom-cache/remapped_mods/net_fabricmc_yarn_1_21_4_1_21_4_build_8_v2/net/fabricmc/fabric-api/fabric-item-group-api-v1-client/4.2.2+fcb9601404/fabric-item-group-api-v1-client-4.2.2+fcb9601404.jar:/home/lyok/Documents/programming project/java/mc mod/lyk-adventime-template-1.21.4/.gradle/loom-cache/remapped_mods/net_fabricmc_yarn_1_21_4_1_21_4_build_8_v2/net/fabricmc/fabric-api/fabric-lifecycle-events-v1-client/2.5.4+bf2a60eb04/fabric-lifecycle-events-v1-client-2.5.4+bf2a60eb04.jar:/home/lyok/Documents/programming project/java/mc mod/lyk-adventime-template-1.21.4/.gradle/loom-cache/remapped_mods/net_fabricmc_yarn_1_21_4_1_21_4_build_8_v2/net/fabricmc/fabric-api/fabric-message-api-v1-client/6.0.25+7feeb73304/fabric-message-api-v1-client-6.0.25+7feeb73304.jar:/home/lyok/Documents/programming project/java/mc mod/lyk-adventime-template-1.21.4/.gradle/loom-cache/remapped_mods/net_fabricmc_yarn_1_21_4_1_21_4_build_8_v2/net/fabricmc/fabric-api/fabric-model-loading-api-v1-client/4.3.0+ae23723504/fabric-model-loading-api-v1-client-4.3.0+ae23723504.jar:/home/lyok/Documents/programming project/java/mc mod/lyk-adventime-template-1.21.4/.gradle/loom-cache/remapped_mods/net_fabricmc_yarn_1_21_4_1_21_4_build_8_v2/net/fabricmc/fabric-api/fabric-recipe-api-v1-client/8.1.1+640e77ae04/fabric-recipe-api-v1-client-8.1.1+640e77ae04.jar:/home/lyok/Documents/programming project/java/mc mod/lyk-adventime-template-1.21.4/.gradle/loom-cache/remapped_mods/net_fabricmc_yarn_1_21_4_1_21_4_build_8_v2/net/fabricmc/fabric-api/fabric-screen-handler-api-v1-client/1.3.118+7feeb73304/fabric-screen-handler-api-v1-client-1.3.118+7feeb73304.jar:/home/lyok/Documents/programming project/java/mc mod/lyk-adventime-template-1.21.4/.gradle/loom-cache/remapped_mods/net_fabricmc_yarn_1_21_4_1_21_4_build_8_v2/net/fabricmc/fabric-api/fabric-registry-sync-v0-client/6.1.11+4a9c1ece04/fabric-registry-sync-v0-client-6.1.11+4a9c1ece04.jar:/home/lyok/Documents/programming project/java/mc mod/lyk-adventime-template-1.21.4/.gradle/loom-cache/remapped_mods/net_fabricmc_yarn_1_21_4_1_21_4_build_8_v2/net/fabricmc/fabric-api/fabric-networking-api-v1-client/4.4.0+db5e668204/fabric-networking-api-v1-client-4.4.0+db5e668204.jar:/home/lyok/Documents/programming project/java/mc mod/lyk-adventime-template-1.21.4/.gradle/loom-cache/remapped_mods/net_fabricmc_yarn_1_21_4_1_21_4_build_8_v2/net/fabricmc/fabric-api/fabric-object-builder-api-v1-client/18.0.14+38b0d59804/fabric-object-builder-api-v1-client-18.0.14+38b0d59804.jar:/home/lyok/Documents/programming project/java/mc mod/lyk-adventime-template-1.21.4/.gradle/loom-cache/remapped_mods/net_fabricmc_yarn_1_21_4_1_21_4_build_8_v2/net/fabricmc/fabric-api/fabric-particles-v1-client/4.0.14+7feeb73304/fabric-particles-v1-client-4.0.14+7feeb73304.jar:/home/lyok/Documents/programming project/java/mc mod/lyk-adventime-template-1.21.4/.gradle/loom-cache/remapped_mods/net_fabricmc_yarn_1_21_4_1_21_4_build_8_v2/net/fabricmc/fabric-api/fabric-renderer-indigo-client/2.0.3+50f0feb204/fabric-renderer-indigo-client-2.0.3+50f0feb204.jar:/home/lyok/Documents/programming project/java/mc mod/lyk-adventime-template-1.21.4/.gradle/loom-cache/remapped_mods/net_fabricmc_yarn_1_21_4_1_21_4_build_8_v2/net/fabricmc/fabric-api/fabric-renderer-api-v1-client/5.0.3+50f0feb204/fabric-renderer-api-v1-client-5.0.3+50f0feb204.jar:/home/lyok/Documents/programming project/java/mc mod/lyk-adventime-template-1.21.4/.gradle/loom-cache/remapped_mods/net_fabricmc_yarn_1_21_4_1_21_4_build_8_v2/net/fabricmc/fabric-api/fabric-rendering-fluids-v1-client/3.1.19+7feeb73304/fabric-rendering-fluids-v1-client-3.1.19+7feeb73304.jar:/home/lyok/Documents/programming project/java/mc mod/lyk-adventime-template-1.21.4/.gradle/loom-cache/remapped_mods/net_fabricmc_yarn_1_21_4_1_21_4_build_8_v2/net/fabricmc/fabric-api/fabric-rendering-v1-client/10.2.1+0d31b09f04/fabric-rendering-v1-client-10.2.1+0d31b09f04.jar:/home/lyok/Documents/programming project/java/mc mod/lyk-adventime-template-1.21.4/.gradle/loom-cache/remapped_mods/net_fabricmc_yarn_1_21_4_1_21_4_build_8_v2/net/fabricmc/fabric-api/fabric-resource-loader-v0-client/3.1.1+360374ac04/fabric-resource-loader-v0-client-3.1.1+360374ac04.jar:/home/lyok/Documents/programming project/java/mc mod/lyk-adventime-template-1.21.4/.gradle/loom-cache/remapped_mods/net_fabricmc_yarn_1_21_4_1_21_4_build_8_v2/net/fabricmc/fabric-api/fabric-screen-api-v1-client/2.0.38+7feeb73304/fabric-screen-api-v1-client-2.0.38+7feeb73304.jar:/home/lyok/Documents/programming project/java/mc mod/lyk-adventime-template-1.21.4/.gradle/loom-cache/remapped_mods/net_fabricmc_yarn_1_21_4_1_21_4_build_8_v2/net/fabricmc/fabric-api/fabric-rendering-data-attachment-v1-client/0.3.58+73761d2e04/fabric-rendering-data-attachment-v1-client-0.3.58+73761d2e04.jar:/home/lyok/Documents/programming project/java/mc mod/lyk-adventime-template-1.21.4/.gradle/loom-cache/remapped_mods/net_fabricmc_yarn_1_21_4_1_21_4_build_8_v2/net/fabricmc/fabric-api/fabric-block-view-api-v2-client/1.0.20+9c49cc8c04/fabric-block-view-api-v2-client-1.0.20+9c49cc8c04.jar:/home/lyok/Documents/programming project/java/mc mod/lyk-adventime-template-1.21.4/.gradle/loom-cache/remapped_mods/net_fabricmc_yarn_1_21_4_1_21_4_build_8_v2/net/fabricmc/fabric-api/fabric-client-gametest-api-v1-client/4.1.1+6816ccd404/fabric-client-gametest-api-v1-client-4.1.1+6816ccd404.jar:/home/lyok/Documents/programming project/java/mc mod/lyk-adventime-template-1.21.4/.gradle/loom-cache/remapped_mods/net_fabricmc_yarn_1_21_4_1_21_4_build_8_v2/net/fabricmc/fabric-api/fabric-game-rule-api-v1-client/1.0.63+7d48d43904/fabric-game-rule-api-v1-client-1.0.63+7d48d43904.jar:/home/lyok/Documents/programming project/java/mc mod/lyk-adventime-template-1.21.4/.gradle/loom-cache/remapped_mods/net_fabricmc_yarn_1_21_4_1_21_4_build_8_v2/net/fabricmc/fabric-api/fabric-keybindings-v0-client/0.2.55+df3654b304/fabric-keybindings-v0-client-0.2.55+df3654b304.jar:/home/lyok/Documents/programming project/java/mc mod/lyk-adventime-template-1.21.4/.gradle/loom-cache/remapped_mods/net_fabricmc_yarn_1_21_4_1_21_4_build_8_v2/net/fabricmc/fabric-api/fabric-key-binding-api-v1-client/1.0.57+7d48d43904/fabric-key-binding-api-v1-client-1.0.57+7d48d43904.jar:/home/lyok/Documents/programming project/java/mc mod/lyk-adventime-template-1.21.4/.gradle/loom-cache/remapped_mods/net_fabricmc_yarn_1_21_4_1_21_4_build_8_v2/net/fabricmc/fabric-api/fabric-sound-api-v1-client/1.0.32+7feeb73304/fabric-sound-api-v1-client-1.0.32+7feeb73304.jar:/home/lyok/.gradle/caches/modules-2/files-2.1/net.fabricmc/fabric-loader/0.16.12/69514e24838c0cdd0a69ed6e81ab6d05b7690c57/fabric-loader-0.16.12.jar:/home/lyok/Documents/programming project/java/mc mod/lyk-adventime-template-1.21.4/.gradle/loom-cache/remapped_mods/net_fabricmc_yarn_1_21_4_1_21_4_build_8_v2/net/fabricmc/fabric-api/fabric-api-common/0.119.2+1.21.4/fabric-api-common-0.119.2+1.21.4.jar:/home/lyok/Documents/programming project/java/mc mod/lyk-adventime-template-1.21.4/.gradle/loom-cache/remapped_mods/net_fabricmc_yarn_1_21_4_1_21_4_build_8_v2/net/fabricmc/fabric-api/fabric-transfer-api-v1-common/5.4.9+efa825c904/fabric-transfer-api-v1-common-5.4.9+efa825c904.jar:/home/lyok/Documents/programming project/java/mc mod/lyk-adventime-template-1.21.4/.gradle/loom-cache/remapped_mods/net_fabricmc_yarn_1_21_4_1_21_4_build_8_v2/net/fabricmc/fabric-api/fabric-api-lookup-api-v1-common/1.6.86+b1caf1e904/fabric-api-lookup-api-v1-common-1.6.86+b1caf1e904.jar:/home/lyok/Documents/programming project/java/mc mod/lyk-adventime-template-1.21.4/.gradle/loom-cache/remapped_mods/net_fabricmc_yarn_1_21_4_1_21_4_build_8_v2/net/fabricmc/fabric-api/fabric-command-api-v1-common/1.2.62+f71b366f04/fabric-command-api-v1-common-1.2.62+f71b366f04.jar:/home/lyok/Documents/programming project/java/mc mod/lyk-adventime-template-1.21.4/.gradle/loom-cache/remapped_mods/net_fabricmc_yarn_1_21_4_1_21_4_build_8_v2/net/fabricmc/fabric-api/fabric-commands-v0-common/0.2.79+df3654b304/fabric-commands-v0-common-0.2.79+df3654b304.jar:/home/lyok/Documents/programming project/java/mc mod/lyk-adventime-template-1.21.4/.gradle/loom-cache/remapped_mods/net_fabricmc_yarn_1_21_4_1_21_4_build_8_v2/net/fabricmc/fabric-api/fabric-command-api-v2-common/2.2.41+e496eb1504/fabric-command-api-v2-common-2.2.41+e496eb1504.jar:/home/lyok/Documents/programming project/java/mc mod/lyk-adventime-template-1.21.4/.gradle/loom-cache/remapped_mods/net_fabricmc_yarn_1_21_4_1_21_4_build_8_v2/net/fabricmc/fabric-api/fabric-content-registries-v0-common/9.1.19+25d1a67604/fabric-content-registries-v0-common-9.1.19+25d1a67604.jar:/home/lyok/Documents/programming project/java/mc mod/lyk-adventime-template-1.21.4/.gradle/loom-cache/remapped_mods/net_fabricmc_yarn_1_21_4_1_21_4_build_8_v2/net/fabricmc/fabric-api/fabric-data-generation-api-v1-common/22.3.1+0f4e5f5504/fabric-data-generation-api-v1-common-22.3.1+0f4e5f5504.jar:/home/lyok/Documents/programming project/java/mc mod/lyk-adventime-template-1.21.4/.gradle/loom-cache/remapped_mods/net_fabricmc_yarn_1_21_4_1_21_4_build_8_v2/net/fabricmc/fabric-api/fabric-convention-tags-v1-common/2.1.20+7f945d5b04/fabric-convention-tags-v1-common-2.1.20+7f945d5b04.jar:/home/lyok/Documents/programming project/java/mc mod/lyk-adventime-template-1.21.4/.gradle/loom-cache/remapped_mods/net_fabricmc_yarn_1_21_4_1_21_4_build_8_v2/net/fabricmc/fabric-api/fabric-convention-tags-v2-common/2.14.1+1edcd29104/fabric-convention-tags-v2-common-2.14.1+1edcd29104.jar:/home/lyok/Documents/programming project/java/mc mod/lyk-adventime-template-1.21.4/.gradle/loom-cache/remapped_mods/net_fabricmc_yarn_1_21_4_1_21_4_build_8_v2/net/fabricmc/fabric-api/fabric-data-attachment-api-v1-common/1.6.2+e99da0f704/fabric-data-attachment-api-v1-common-1.6.2+e99da0f704.jar:/home/lyok/Documents/programming project/java/mc mod/lyk-adventime-template-1.21.4/.gradle/loom-cache/remapped_mods/net_fabricmc_yarn_1_21_4_1_21_4_build_8_v2/net/fabricmc/fabric-api/fabric-entity-events-v1-common/2.0.15+62245bef04/fabric-entity-events-v1-common-2.0.15+62245bef04.jar:/home/lyok/Documents/programming project/java/mc mod/lyk-adventime-template-1.21.4/.gradle/loom-cache/remapped_mods/net_fabricmc_yarn_1_21_4_1_21_4_build_8_v2/net/fabricmc/fabric-api/fabric-events-interaction-v0-common/4.0.4+a4eebcf004/fabric-events-interaction-v0-common-4.0.4+a4eebcf004.jar:/home/lyok/Documents/programming project/java/mc mod/lyk-adventime-template-1.21.4/.gradle/loom-cache/remapped_mods/net_fabricmc_yarn_1_21_4_1_21_4_build_8_v2/net/fabricmc/fabric-api/fabric-gametest-api-v1-common/2.0.26+7feeb73304/fabric-gametest-api-v1-common-2.0.26+7feeb73304.jar:/home/lyok/Documents/programming project/java/mc mod/lyk-adventime-template-1.21.4/.gradle/loom-cache/remapped_mods/net_fabricmc_yarn_1_21_4_1_21_4_build_8_v2/net/fabricmc/fabric-api/fabric-item-api-v1-common/11.3.0+ee91fa1f04/fabric-item-api-v1-common-11.3.0+ee91fa1f04.jar:/home/lyok/Documents/programming project/java/mc mod/lyk-adventime-template-1.21.4/.gradle/loom-cache/remapped_mods/net_fabricmc_yarn_1_21_4_1_21_4_build_8_v2/net/fabricmc/fabric-api/fabric-item-group-api-v1-common/4.2.2+fcb9601404/fabric-item-group-api-v1-common-4.2.2+fcb9601404.jar:/home/lyok/Documents/programming project/java/mc mod/lyk-adventime-template-1.21.4/.gradle/loom-cache/remapped_mods/net_fabricmc_yarn_1_21_4_1_21_4_build_8_v2/net/fabricmc/fabric-api/fabric-lifecycle-events-v1-common/2.5.4+bf2a60eb04/fabric-lifecycle-events-v1-common-2.5.4+bf2a60eb04.jar:/home/lyok/Documents/programming project/java/mc mod/lyk-adventime-template-1.21.4/.gradle/loom-cache/remapped_mods/net_fabricmc_yarn_1_21_4_1_21_4_build_8_v2/net/fabricmc/fabric-api/fabric-loot-api-v2-common/3.0.38+3f89f5a504/fabric-loot-api-v2-common-3.0.38+3f89f5a504.jar:/home/lyok/Documents/programming project/java/mc mod/lyk-adventime-template-1.21.4/.gradle/loom-cache/remapped_mods/net_fabricmc_yarn_1_21_4_1_21_4_build_8_v2/net/fabricmc/fabric-api/fabric-loot-api-v3-common/1.0.26+203e6b2304/fabric-loot-api-v3-common-1.0.26+203e6b2304.jar:/home/lyok/Documents/programming project/java/mc mod/lyk-adventime-template-1.21.4/.gradle/loom-cache/remapped_mods/net_fabricmc_yarn_1_21_4_1_21_4_build_8_v2/net/fabricmc/fabric-api/fabric-message-api-v1-common/6.0.25+7feeb73304/fabric-message-api-v1-common-6.0.25+7feeb73304.jar:/home/lyok/Documents/programming project/java/mc mod/lyk-adventime-template-1.21.4/.gradle/loom-cache/remapped_mods/net_fabricmc_yarn_1_21_4_1_21_4_build_8_v2/net/fabricmc/fabric-api/fabric-recipe-api-v1-common/8.1.1+640e77ae04/fabric-recipe-api-v1-common-8.1.1+640e77ae04.jar:/home/lyok/Documents/programming project/java/mc mod/lyk-adventime-template-1.21.4/.gradle/loom-cache/remapped_mods/net_fabricmc_yarn_1_21_4_1_21_4_build_8_v2/net/fabricmc/fabric-api/fabric-screen-handler-api-v1-common/1.3.118+7feeb73304/fabric-screen-handler-api-v1-common-1.3.118+7feeb73304.jar:/home/lyok/Documents/programming project/java/mc mod/lyk-adventime-template-1.21.4/.gradle/loom-cache/remapped_mods/net_fabricmc_yarn_1_21_4_1_21_4_build_8_v2/net/fabricmc/fabric-api/fabric-registry-sync-v0-common/6.1.11+4a9c1ece04/fabric-registry-sync-v0-common-6.1.11+4a9c1ece04.jar:/home/lyok/Documents/programming project/java/mc mod/lyk-adventime-template-1.21.4/.gradle/loom-cache/remapped_mods/net_fabricmc_yarn_1_21_4_1_21_4_build_8_v2/net/fabricmc/fabric-api/fabric-networking-api-v1-common/4.4.0+db5e668204/fabric-networking-api-v1-common-4.4.0+db5e668204.jar:/home/lyok/Documents/programming project/java/mc mod/lyk-adventime-template-1.21.4/.gradle/loom-cache/remapped_mods/net_fabricmc_yarn_1_21_4_1_21_4_build_8_v2/net/fabricmc/fabric-api/fabric-object-builder-api-v1-common/18.0.14+38b0d59804/fabric-object-builder-api-v1-common-18.0.14+38b0d59804.jar:/home/lyok/Documents/programming project/java/mc mod/lyk-adventime-template-1.21.4/.gradle/loom-cache/remapped_mods/net_fabricmc_yarn_1_21_4_1_21_4_build_8_v2/net/fabricmc/fabric-api/fabric-particles-v1-common/4.0.14+7feeb73304/fabric-particles-v1-common-4.0.14+7feeb73304.jar:/home/lyok/Documents/programming project/java/mc mod/lyk-adventime-template-1.21.4/.gradle/loom-cache/remapped_mods/net_fabricmc_yarn_1_21_4_1_21_4_build_8_v2/net/fabricmc/fabric-api/fabric-rendering-fluids-v1-common/3.1.19+7feeb73304/fabric-rendering-fluids-v1-common-3.1.19+7feeb73304.jar:/home/lyok/Documents/programming project/java/mc mod/lyk-adventime-template-1.21.4/.gradle/loom-cache/remapped_mods/net_fabricmc_yarn_1_21_4_1_21_4_build_8_v2/net/fabricmc/fabric-api/fabric-tag-api-v1-common/1.0.7+7d48d43904/fabric-tag-api-v1-common-1.0.7+7d48d43904.jar:/home/lyok/Documents/programming project/java/mc mod/lyk-adventime-template-1.21.4/.gradle/loom-cache/remapped_mods/net_fabricmc_yarn_1_21_4_1_21_4_build_8_v2/net/fabricmc/fabric-api/fabric-resource-loader-v0-common/3.1.1+360374ac04/fabric-resource-loader-v0-common-3.1.1+360374ac04.jar:/home/lyok/Documents/programming project/java/mc mod/lyk-adventime-template-1.21.4/.gradle/loom-cache/remapped_mods/net_fabricmc_yarn_1_21_4_1_21_4_build_8_v2/net/fabricmc/fabric-api/fabric-api-base-common/0.4.54+b47eab6b04/fabric-api-base-common-0.4.54+b47eab6b04.jar:/home/lyok/Documents/programming project/java/mc mod/lyk-adventime-template-1.21.4/.gradle/loom-cache/remapped_mods/net_fabricmc_yarn_1_21_4_1_21_4_build_8_v2/net/fabricmc/fabric-api/fabric-biome-api-v1-common/15.0.6+b1c29d8e04/fabric-biome-api-v1-common-15.0.6+b1c29d8e04.jar:/home/lyok/Documents/programming project/java/mc mod/lyk-adventime-template-1.21.4/.gradle/loom-cache/remapped_mods/net_fabricmc_yarn_1_21_4_1_21_4_build_8_v2/net/fabricmc/fabric-api/fabric-block-api-v1-common/1.0.31+7feeb73304/fabric-block-api-v1-common-1.0.31+7feeb73304.jar:/home/lyok/Documents/programming project/java/mc mod/lyk-adventime-template-1.21.4/.gradle/loom-cache/remapped_mods/net_fabricmc_yarn_1_21_4_1_21_4_build_8_v2/net/fabricmc/fabric-api/fabric-rendering-data-attachment-v1-common/0.3.58+73761d2e04/fabric-rendering-data-attachment-v1-common-0.3.58+73761d2e04.jar:/home/lyok/Documents/programming project/java/mc mod/lyk-adventime-template-1.21.4/.gradle/loom-cache/remapped_mods/net_fabricmc_yarn_1_21_4_1_21_4_build_8_v2/net/fabricmc/fabric-api/fabric-block-view-api-v2-common/1.0.20+9c49cc8c04/fabric-block-view-api-v2-common-1.0.20+9c49cc8c04.jar:/home/lyok/Documents/programming project/java/mc mod/lyk-adventime-template-1.21.4/.gradle/loom-cache/remapped_mods/net_fabricmc_yarn_1_21_4_1_21_4_build_8_v2/net/fabricmc/fabric-api/fabric-crash-report-info-v1-common/0.3.6+7feeb73304/fabric-crash-report-info-v1-common-0.3.6+7feeb73304.jar:/home/lyok/Documents/programming project/java/mc mod/lyk-adventime-template-1.21.4/.gradle/loom-cache/remapped_mods/net_fabricmc_yarn_1_21_4_1_21_4_build_8_v2/net/fabricmc/fabric-api/fabric-dimensions-v1-common/4.0.10+7feeb73304/fabric-dimensions-v1-common-4.0.10+7feeb73304.jar:/home/lyok/Documents/programming project/java/mc mod/lyk-adventime-template-1.21.4/.gradle/loom-cache/remapped_mods/net_fabricmc_yarn_1_21_4_1_21_4_build_8_v2/net/fabricmc/fabric-api/fabric-game-rule-api-v1-common/1.0.63+7d48d43904/fabric-game-rule-api-v1-common-1.0.63+7d48d43904.jar:/home/lyok/Documents/programming project/java/mc mod/lyk-adventime-template-1.21.4/.gradle/loom-cache/remapped_mods/net_fabricmc_yarn_1_21_4_1_21_4_build_8_v2/net/fabricmc/fabric-api/fabric-resource-conditions-api-v1-common/5.0.13+203e6b2304/fabric-resource-conditions-api-v1-common-5.0.13+203e6b2304.jar:/home/lyok/Documents/programming project/java/mc mod/lyk-adventime-template-1.21.4/.gradle/loom-cache/remapped_mods/net_fabricmc_yarn_1_21_4_1_21_4_build_8_v2/net/fabricmc/fabric-api/fabric-transitive-access-wideners-v1-common/6.3.2+56e78b9b04/fabric-transitive-access-wideners-v1-common-6.3.2+56e78b9b04.jar:/home/lyok/.gradle/caches/modules-2/files-2.1/org.jline/jline-reader/3.20.0/8f15415b022a25b473e8e16c28ae913186ffb9c4/jline-reader-3.20.0.jar:/home/lyok/.gradle/caches/modules-2/files-2.1/org.jline/jline-terminal/3.20.0/d0ddcc708ddf527a3454c941b7b9225cc83a15ff/jline-terminal-3.20.0.jar:/home/lyok/Documents/programming project/java/mc mod/lyk-adventime-template-1.21.4/build/classes/java/main:/home/lyok/Documents/programming project/java/mc mod/lyk-adventime-template-1.21.4/build/resources/main)
		at knot/com.sun.jna.Native.extractFromResourcePath(Native.java:1141) ~[jna-5.15.0.jar:?]
		at knot/com.sun.jna.NativeLibrary.loadLibrary(NativeLibrary.java:297) ~[jna-5.15.0.jar:?]
		at knot/com.sun.jna.NativeLibrary.getInstance(NativeLibrary.java:481) ~[jna-5.15.0.jar:?]
		at knot/com.sun.jna.NativeLibrary.getInstance(NativeLibrary.java:423) ~[jna-5.15.0.jar:?]
		at knot/com.mojang.text2speech.NarratorLinux$FliteLibrary.loadNative(NarratorLinux.java:67) ~[text2speech-1.17.9.jar:?]
		at knot/com.mojang.text2speech.NarratorLinux.<init>(NarratorLinux.java:18) ~[text2speech-1.17.9.jar:?]
		at knot/com.mojang.text2speech.Narrator.getNarrator(Narrator.java:41) [text2speech-1.17.9.jar:?]
		at knot/net.minecraft.client.util.NarratorManager.<init>(NarratorManager.java) [minecraft-clientOnly-d1fae903ae-1.21.4-net.fabricmc.yarn.1_21_4.1.21.4+build.8-v2.jar:?]
		at knot/net.minecraft.client.MinecraftClient.<init>(MinecraftClient.java:716) [minecraft-clientOnly-d1fae903ae-1.21.4-net.fabricmc.yarn.1_21_4.1.21.4+build.8-v2.jar:?]
		at knot/net.minecraft.client.main.Main.main(Main.java:224) [minecraft-clientOnly-d1fae903ae-1.21.4-net.fabricmc.yarn.1_21_4.1.21.4+build.8-v2.jar:?]
		at net.fabricmc.loader.impl.game.minecraft.MinecraftGameProvider.launch(MinecraftGameProvider.java:480) [fabric-loader-0.16.12.jar:?]
		at net.fabricmc.loader.impl.launch.knot.Knot.launch(Knot.java:74) [fabric-loader-0.16.12.jar:?]
		at net.fabricmc.loader.impl.launch.knot.KnotClient.main(KnotClient.java:23) [fabric-loader-0.16.12.jar:?]
		at net.fabricmc.devlaunchinjector.Main.main(Main.java:86) [dev-launch-injector-0.2.1+build.8.jar:?]
[18:25:32] [Render thread/INFO] (Minecraft) Reloading ResourceManager: vanilla, fabric, cloth-config, fabric-api, fabric-api-base, fabric-api-lookup-api-v1, fabric-biome-api-v1, fabric-block-api-v1, fabric-block-view-api-v2, fabric-blockrenderlayer-v1, fabric-client-gametest-api-v1, fabric-client-tags-api-v1, fabric-command-api-v1, fabric-command-api-v2, fabric-commands-v0, fabric-content-registries-v0, fabric-convention-tags-v1, fabric-convention-tags-v2, fabric-crash-report-info-v1, fabric-data-attachment-api-v1, fabric-data-generation-api-v1, fabric-dimensions-v1, fabric-entity-events-v1, fabric-events-interaction-v0, fabric-game-rule-api-v1, fabric-gametest-api-v1, fabric-item-api-v1, fabric-item-group-api-v1, fabric-key-binding-api-v1, fabric-keybindings-v0, fabric-lifecycle-events-v1, fabric-loot-api-v2, fabric-loot-api-v3, fabric-message-api-v1, fabric-model-loading-api-v1, fabric-networking-api-v1, fabric-object-builder-api-v1, fabric-particles-v1, fabric-recipe-api-v1, fabric-registry-sync-v0, fabric-renderer-api-v1, fabric-renderer-indigo, fabric-rendering-data-attachment-v1, fabric-rendering-fluids-v1, fabric-rendering-v1, fabric-resource-conditions-api-v1, fabric-resource-loader-v0, fabric-screen-api-v1, fabric-screen-handler-api-v1, fabric-sound-api-v1, fabric-tag-api-v1, fabric-transfer-api-v1, fabric-transitive-access-wideners-v1, fabricloader, forgeconfigapiport, iris, lyk-adventime, modmenu, placeholder-api, playeranimator, reeses-sodium-options, renderscale, sodium, sodium-extra, sodiumdynamiclights, sodiumextras, sodiumoptionsapi, sodiumoptionsmodcompat, txnilib
[18:25:33] [Worker-Main-9/INFO] (Minecraft) Found unifont_all_no_pua-16.0.01.hex, loading
[18:25:33] [Worker-Main-2/INFO] (Minecraft) Found unifont_jp_patch-16.0.01.hex, loading
[18:25:33] [Render thread/INFO] (RenderScale) Size changed to 1920x1080 1920x1080 960x540
[18:25:34] [Worker-Main-8/WARN] (Minecraft) Unresolved texture references in lyk-adventime:iced_sword#inventory:
	#particle-> #layer0

[18:25:34] [Worker-Main-8/WARN] (Minecraft) Missing textures in model lyk-adventime:fire_sword#inventory:
    minecraft:textures/atlas/blocks.png:minecraft:block/texture
[18:25:34] [Worker-Main-8/WARN] (Minecraft) Missing texture references in model lyk-adventime:iced_sword#inventory:
    particle
[18:25:35] [Render thread/INFO] (Minecraft) OpenAL initialized on device Family 17h/19h HD Audio Controller Stéréo analogique
[18:25:35] [Render thread/INFO] (Minecraft) Sound engine started
[18:25:35] [Render thread/INFO] (Minecraft) Created: 1024x512x4 minecraft:textures/atlas/blocks.png-atlas
[18:25:35] [Render thread/INFO] (Minecraft) Created: 256x256x4 minecraft:textures/atlas/signs.png-atlas
[18:25:35] [Render thread/INFO] (Minecraft) Created: 512x512x4 minecraft:textures/atlas/shield_patterns.png-atlas
[18:25:35] [Render thread/INFO] (Minecraft) Created: 512x512x4 minecraft:textures/atlas/banner_patterns.png-atlas
[18:25:35] [Render thread/INFO] (Minecraft) Created: 2048x1024x4 minecraft:textures/atlas/armor_trims.png-atlas
[18:25:35] [Render thread/INFO] (Minecraft) Created: 128x64x4 minecraft:textures/atlas/decorated_pot.png-atlas
[18:25:35] [Render thread/INFO] (Minecraft) Created: 256x256x4 minecraft:textures/atlas/chest.png-atlas
[18:25:35] [Render thread/INFO] (Minecraft) Created: 512x256x4 minecraft:textures/atlas/shulker_boxes.png-atlas
[18:25:35] [Render thread/INFO] (Minecraft) Created: 512x256x4 minecraft:textures/atlas/beds.png-atlas
[18:25:35] [Render thread/INFO] (Minecraft) Created: 64x64x0 minecraft:textures/atlas/map_decorations.png-atlas
[18:25:35] [Render thread/INFO] (Minecraft) Created: 512x256x0 minecraft:textures/atlas/particles.png-atlas
[18:25:35] [Render thread/INFO] (Minecraft) Created: 512x256x0 minecraft:textures/atlas/paintings.png-atlas
[18:25:35] [Render thread/INFO] (Minecraft) Created: 256x128x0 minecraft:textures/atlas/mob_effects.png-atlas
[18:25:35] [Render thread/INFO] (Minecraft) Created: 1024x512x0 minecraft:textures/atlas/gui.png-atlas
[18:25:35] [Render thread/INFO] (Iris) Creating pipeline for dimension minecraft:overworld
[18:26:24] [Render thread/INFO] (Minecraft) Loaded 1372 recipes
[18:26:24] [Render thread/INFO] (Minecraft) Loaded 1483 advancements
[18:26:27] [Render thread/INFO] (BiomeModificationImpl) Applied 0 biome modifications to 0 of 65 new biomes in 1.290 ms
[18:26:27] [Server thread/INFO] (Minecraft) Starting integrated minecraft server version 1.21.4
[18:26:27] [Server thread/INFO] (Minecraft) Generating keypair
[18:26:30] [Server thread/INFO] (Minecraft) Preparing start region for dimension minecraft:overworld
[18:26:30] [Render thread/INFO] (Minecraft) Préparation de la zone d'apparition : 2 %
[18:26:31] [Render thread/INFO] (Minecraft) Préparation de la zone d'apparition : 2 %
[18:26:31] [Render thread/INFO] (Minecraft) Préparation de la zone d'apparition : 2 %
[18:26:32] [Render thread/INFO] (Minecraft) Préparation de la zone d'apparition : 16 %
[18:26:32] [Render thread/INFO] (Minecraft) Préparation de la zone d'apparition : 18 %
[18:26:33] [Render thread/INFO] (Minecraft) Préparation de la zone d'apparition : 20 %
[18:26:33] [Render thread/INFO] (Minecraft) Préparation de la zone d'apparition : 51 %
[18:26:34] [Render thread/INFO] (Minecraft) Time elapsed: 3438 ms
[18:26:34] [Server thread/INFO] (Minecraft) Changing view distance to 7, from 10
[18:26:34] [Server thread/INFO] (Minecraft) Changing simulation distance to 12, from 0
[18:26:35] [Server thread/INFO] (Minecraft) Player121[local:E:93f38e75] logged in with entity id 25 at (-8.5, 66.0, -3.5)
[18:26:35] [Server thread/INFO] (Minecraft) Player121 a rejoint la partie
[18:26:35] [Render thread/INFO] (Iris) Reloading pipeline on dimension change: minecraft:overworld => minecraft:overworld
[18:26:35] [Render thread/INFO] (Iris) Destroying pipeline minecraft:overworld
[18:26:35] [Render thread/INFO] (Iris) Creating pipeline for dimension minecraft:overworld
[18:26:35] [Render thread/WARN] (FabricLoader/Mixin) Error loading class: me/jellysquid/mods/sodium/client/model/light/data/LightDataAccess (java.lang.ClassNotFoundException: me/jellysquid/mods/sodium/client/model/light/data/LightDataAccess)
[18:26:35] [Render thread/WARN] (FabricLoader/Mixin) Error loading class: me/jellysquid/mods/sodium/client/model/light/data/ArrayLightDataCache (java.lang.ClassNotFoundException: me/jellysquid/mods/sodium/client/model/light/data/ArrayLightDataCache)
[18:26:35] [Render thread/WARN] (FabricLoader/Mixin) Error loading class: me/jellysquid/mods/sodium/client/model/light/flat/FlatLightPipeline (java.lang.ClassNotFoundException: me/jellysquid/mods/sodium/client/model/light/flat/FlatLightPipeline)
[18:26:35] [Render thread/INFO] (ChunkBuilder) Started 6 worker threads
[18:26:35] [Render thread/INFO] (Minecraft) Loaded 2 advancements
[18:26:36] [Render thread/INFO] (RenderScale) Size changed to 1920x1080 1920x1080 960x540
[18:26:46] [Server thread/INFO] (Minecraft) [Player121 : Don de 1 [épée enflammé] à Player121]
[18:26:46] [Render thread/INFO] (Minecraft) [System] [CHAT] Don de 1 [épée enflammé] à Player121
[18:26:56] [Render thread/INFO] (Minecraft) Loaded 38 advancements
[18:26:56] [Render thread/INFO] (Minecraft) Loaded 44 advancements
[18:26:59] [Render thread/INFO] (Minecraft) Loaded 44 advancements
[18:27:23] [Render thread/INFO] (Minecraft) Loaded 47 advancements
[18:27:43] [Render thread/INFO] (Minecraft) Loaded 51 advancements
[18:27:55] [Render thread/INFO] (Minecraft) Loaded 51 advancements
[18:28:32] [Server thread/INFO] (Minecraft) [Player121 : Don de 1 [pierre embraisé] à Player121]
[18:28:32] [Render thread/INFO] (Minecraft) [System] [CHAT] Don de 1 [pierre embraisé] à Player121
[18:29:38] [Server thread/INFO] (Minecraft) [Player121 : Don de 1 [épée gelée] à Player121]
[18:29:38] [Render thread/INFO] (Minecraft) [System] [CHAT] Don de 1 [épée gelée] à Player121
[18:29:40] [Render thread/INFO] (Minecraft) Loaded 52 advancements
[18:29:52] [Server thread/INFO] (Minecraft) Saving and pausing game...
[18:29:52] [Server thread/INFO] (Minecraft) Saving chunks for level 'ServerLevel[Nouveau monde]'/minecraft:overworld
[18:29:52] [Server thread/INFO] (Minecraft) Saving chunks for level 'ServerLevel[Nouveau monde]'/minecraft:the_nether
[18:29:52] [Server thread/INFO] (Minecraft) Saving chunks for level 'ServerLevel[Nouveau monde]'/minecraft:the_end
[18:30:25] [Server thread/INFO] (Minecraft) Saving and pausing game...
[18:30:25] [Server thread/INFO] (Minecraft) Saving chunks for level 'ServerLevel[Nouveau monde]'/minecraft:overworld
[18:30:25] [Server thread/INFO] (Minecraft) Saving chunks for level 'ServerLevel[Nouveau monde]'/minecraft:the_nether
[18:30:25] [Server thread/INFO] (Minecraft) Saving chunks for level 'ServerLevel[Nouveau monde]'/minecraft:the_end
[18:30:26] [Server thread/INFO] (Minecraft) Player121 lost connection: Déconnecté(e)
[18:30:26] [Server thread/INFO] (Minecraft) Player121 a quitté la partie
[18:30:26] [Server thread/INFO] (Minecraft) Stopping singleplayer server as player logged out
[18:30:26] [Server thread/INFO] (Minecraft) Stopping server
[18:30:26] [Server thread/INFO] (Minecraft) Saving players
[18:30:26] [Server thread/INFO] (Minecraft) Saving worlds
[18:30:27] [Server thread/INFO] (Minecraft) Saving chunks for level 'ServerLevel[Nouveau monde]'/minecraft:overworld
[18:30:27] [Server thread/INFO] (Minecraft) Saving chunks for level 'ServerLevel[Nouveau monde]'/minecraft:the_nether
[18:30:27] [Server thread/INFO] (Minecraft) Saving chunks for level 'ServerLevel[Nouveau monde]'/minecraft:the_end
[18:30:27] [Server thread/INFO] (Minecraft) ThreadedAnvilChunkStorage (Nouveau monde): All chunks are saved
[18:30:27] [Server thread/INFO] (Minecraft) ThreadedAnvilChunkStorage (DIM-1): All chunks are saved
[18:30:27] [Server thread/INFO] (Minecraft) ThreadedAnvilChunkStorage (DIM1): All chunks are saved
[18:30:27] [Server thread/INFO] (Minecraft) ThreadedAnvilChunkStorage: All dimensions are saved
[18:30:27] [Render thread/INFO] (ChunkBuilder) Stopping worker threads
[18:54:46] [Render thread/INFO] (Minecraft) Stopping!
